#! /c/Source/iverilog-install/bin/vvp
:ivl_version "12.0 (devel)" "(s20150603-1539-g2693dd32b)";
:ivl_delay_selection "TYPICAL";
:vpi_time_precision - 12;
:vpi_module "C:\iverilog\lib\ivl\system.vpi";
:vpi_module "C:\iverilog\lib\ivl\vhdl_sys.vpi";
:vpi_module "C:\iverilog\lib\ivl\vhdl_textio.vpi";
:vpi_module "C:\iverilog\lib\ivl\v2005_math.vpi";
:vpi_module "C:\iverilog\lib\ivl\va_math.vpi";
S_000001b6d9382940 .scope module, "comparator" "comparator" 2 2;
 .timescale -9 -12;
    .port_info 0 /INPUT 2 "A";
    .port_info 1 /INPUT 2 "B";
    .port_info 2 /OUTPUT 1 "equal";
o000001b6d93b6f18 .functor BUFZ 2, C4<zz>; HiZ drive
v000001b6d9383000_0 .net "A", 1 0, o000001b6d93b6f18;  0 drivers
o000001b6d93b6f48 .functor BUFZ 2, C4<zz>; HiZ drive
v000001b6d9382ad0_0 .net "B", 1 0, o000001b6d93b6f48;  0 drivers
v000001b6d9382b70_0 .var "equal", 0 0;
E_000001b6d93b4f20 .event anyedge, v000001b6d9382ad0_0, v000001b6d9383000_0;
    .scope S_000001b6d9382940;
T_0 ;
    %wait E_000001b6d93b4f20;
    %load/vec4 v000001b6d9383000_0;
    %load/vec4 v000001b6d9382ad0_0;
    %cmp/e;
    %jmp/0xz  T_0.0, 4;
    %pushi/vec4 1, 0, 1;
    %store/vec4 v000001b6d9382b70_0, 0, 1;
    %jmp T_0.1;
T_0.0 ;
    %pushi/vec4 0, 0, 1;
    %store/vec4 v000001b6d9382b70_0, 0, 1;
T_0.1 ;
    %jmp T_0;
    .thread T_0, $push;
# The file index is used to find the file name in the following table.
:file_names 3;
    "N/A";
    "<interactive>";
    "comparator.v";
