#! /c/Source/iverilog-install/bin/vvp
:ivl_version "12.0 (devel)" "(s20150603-1539-g2693dd32b)";
:ivl_delay_selection "TYPICAL";
:vpi_time_precision - 12;
:vpi_module "C:\iverilog\lib\ivl\system.vpi";
:vpi_module "C:\iverilog\lib\ivl\vhdl_sys.vpi";
:vpi_module "C:\iverilog\lib\ivl\vhdl_textio.vpi";
:vpi_module "C:\iverilog\lib\ivl\v2005_math.vpi";
:vpi_module "C:\iverilog\lib\ivl\va_math.vpi";
S_00000194eef52940 .scope module, "counter" "counter" 2 2;
 .timescale -9 -12;
    .port_info 0 /INPUT 1 "clk";
    .port_info 1 /INPUT 1 "rst";
    .port_info 2 /INPUT 1 "count_enable";
    .port_info 3 /OUTPUT 2 "count";
o00000194eef86f88 .functor BUFZ 1, C4<z>; HiZ drive
v00000194eef52e90_0 .net "clk", 0 0, o00000194eef86f88;  0 drivers
v00000194eef52ad0_0 .var "count", 1 0;
o00000194eef86fe8 .functor BUFZ 1, C4<z>; HiZ drive
v00000194eef52b70_0 .net "count_enable", 0 0, o00000194eef86fe8;  0 drivers
o00000194eef87018 .functor BUFZ 1, C4<z>; HiZ drive
v00000194eef52c10_0 .net "rst", 0 0, o00000194eef87018;  0 drivers
E_00000194eef84d70 .event posedge, v00000194eef52e90_0;
    .scope S_00000194eef52940;
T_0 ;
    %wait E_00000194eef84d70;
    %load/vec4 v00000194eef52c10_0;
    %flag_set/vec4 8;
    %jmp/0xz  T_0.0, 8;
    %pushi/vec4 0, 0, 2;
    %assign/vec4 v00000194eef52ad0_0, 0;
    %jmp T_0.1;
T_0.0 ;
    %load/vec4 v00000194eef52b70_0;
    %cmpi/e 1, 0, 1;
    %jmp/0xz  T_0.2, 4;
    %load/vec4 v00000194eef52ad0_0;
    %addi 1, 0, 2;
    %assign/vec4 v00000194eef52ad0_0, 0;
T_0.2 ;
T_0.1 ;
    %jmp T_0;
    .thread T_0;
# The file index is used to find the file name in the following table.
:file_names 3;
    "N/A";
    "<interactive>";
    "counter.v";
