#! /c/Source/iverilog-install/bin/vvp
:ivl_version "12.0 (devel)" "(s20150603-1539-g2693dd32b)";
:ivl_delay_selection "TYPICAL";
:vpi_time_precision - 12;
:vpi_module "C:\iverilog\lib\ivl\system.vpi";
:vpi_module "C:\iverilog\lib\ivl\vhdl_sys.vpi";
:vpi_module "C:\iverilog\lib\ivl\vhdl_textio.vpi";
:vpi_module "C:\iverilog\lib\ivl\v2005_math.vpi";
:vpi_module "C:\iverilog\lib\ivl\va_math.vpi";
S_0000022cea31a840 .scope module, "division_4bit_tb" "division_4bit_tb" 2 4;
 .timescale -9 -12;
v0000022cea3498a0_0 .var "clk", 0 0;
v0000022cea349940_0 .var "dividend", 15 0;
v0000022cea349c60_0 .var "divisor", 15 0;
v0000022cea349f80_0 .net "done", 0 0, v0000022cea30c360_0;  1 drivers
v0000022cea34a020_0 .net "quotient", 15 0, v0000022cea347280_0;  1 drivers
v0000022cea34a0c0_0 .net "remainder", 16 0, v0000022cea3469c0_0;  1 drivers
v0000022cea34a3e0_0 .var "rst", 0 0;
v0000022cea34a5c0_0 .var "start", 0 0;
S_0000022cea301410 .scope module, "uut" "non_restoring_division_topmodule" 2 20, 3 6 0, S_0000022cea31a840;
 .timescale -9 -12;
    .port_info 0 /INPUT 1 "clk";
    .port_info 1 /INPUT 16 "dividend";
    .port_info 2 /INPUT 16 "divisor";
    .port_info 3 /INPUT 1 "start";
    .port_info 4 /INPUT 1 "rst";
    .port_info 5 /OUTPUT 16 "quotient";
    .port_info 6 /OUTPUT 17 "remainder";
    .port_info 7 /OUTPUT 1 "done";
v0000022cea34a160_0 .net "clk", 0 0, v0000022cea3498a0_0;  1 drivers
v0000022cea34a520_0 .net "count", 3 0, v0000022cea302b00_0;  1 drivers
v0000022cea349800_0 .net "count_enable", 0 0, v0000022cea30cb80_0;  1 drivers
v0000022cea34a200_0 .net "dividend", 15 0, v0000022cea349940_0;  1 drivers
v0000022cea34ac00_0 .net "divisor", 15 0, v0000022cea349c60_0;  1 drivers
v0000022cea349da0_0 .net "done", 0 0, v0000022cea30c360_0;  alias, 1 drivers
v0000022cea348ea0_0 .net "ld_A", 0 0, v0000022cea30bdc0_0;  1 drivers
v0000022cea349120_0 .net "ld_Q", 0 0, v0000022cea30ad80_0;  1 drivers
v0000022cea3493a0_0 .net "ld_rem_quotient", 0 0, v0000022cea30be60_0;  1 drivers
v0000022cea349e40_0 .net "negative_flag", 0 0, v0000022cea30b640_0;  1 drivers
v0000022cea34a660_0 .net "quotient", 15 0, v0000022cea347280_0;  alias, 1 drivers
v0000022cea34a980_0 .net "remainder", 16 0, v0000022cea3469c0_0;  alias, 1 drivers
v0000022cea349ee0_0 .net "rst", 0 0, v0000022cea34a3e0_0;  1 drivers
v0000022cea348f40_0 .net "select_A", 0 0, v0000022cea30c220_0;  1 drivers
v0000022cea34a7a0_0 .net "select_Q", 0 0, v0000022cea30c400_0;  1 drivers
v0000022cea3494e0_0 .net "select_add", 0 0, v0000022cea30bfa0_0;  1 drivers
v0000022cea349bc0_0 .net "select_mux_2", 0 0, v0000022cea30cc20_0;  1 drivers
v0000022cea34aca0_0 .net "shift_left_enable_a", 0 0, v0000022cea30bb40_0;  1 drivers
v0000022cea349620_0 .net "shift_left_enable_q", 0 0, v0000022cea30af60_0;  1 drivers
v0000022cea34aa20_0 .net "start", 0 0, v0000022cea34a5c0_0;  1 drivers
v0000022cea349760_0 .net "status", 0 0, v0000022cea30b3c0_0;  1 drivers
S_0000022cea2c50d0 .scope module, "controlpath" "non_restoring_division_control_path" 3 61, 4 2 0, S_0000022cea301410;
 .timescale -9 -12;
    .port_info 0 /INPUT 1 "clk";
    .port_info 1 /INPUT 1 "rst";
    .port_info 2 /INPUT 1 "start";
    .port_info 3 /INPUT 1 "negative_flag";
    .port_info 4 /INPUT 4 "count";
    .port_info 5 /INPUT 1 "status";
    .port_info 6 /OUTPUT 1 "select_A";
    .port_info 7 /OUTPUT 1 "select_Q";
    .port_info 8 /OUTPUT 1 "ld_A";
    .port_info 9 /OUTPUT 1 "ld_Q";
    .port_info 10 /OUTPUT 1 "shift_left_enable_a";
    .port_info 11 /OUTPUT 1 "select_add";
    .port_info 12 /OUTPUT 1 "select_mux_2";
    .port_info 13 /OUTPUT 1 "shift_left_enable_q";
    .port_info 14 /OUTPUT 1 "count_enable";
    .port_info 15 /OUTPUT 1 "ld_rem_quotient";
    .port_info 16 /OUTPUT 1 "done";
    .port_info 17 /OUTPUT 4 "ps";
    .port_info 18 /OUTPUT 4 "ns";
P_0000022cea2c5260 .param/l "adder" 0 4 31, C4<0101>;
P_0000022cea2c5298 .param/l "check" 0 4 36, C4<1010>;
P_0000022cea2c52d0 .param/l "correct" 0 4 37, C4<1011>;
P_0000022cea2c5308 .param/l "display" 0 4 38, C4<1100>;
P_0000022cea2c5340 .param/l "idle" 0 4 26, C4<0000>;
P_0000022cea2c5378 .param/l "iter" 0 4 35, C4<1001>;
P_0000022cea2c53b0 .param/l "load" 0 4 27, C4<0001>;
P_0000022cea2c53e8 .param/l "load_wait" 0 4 28, C4<0010>;
P_0000022cea2c5420 .param/l "shift_a" 0 4 29, C4<0011>;
P_0000022cea2c5458 .param/l "shift_q" 0 4 33, C4<0111>;
P_0000022cea2c5490 .param/l "subtractor" 0 4 32, C4<0110>;
P_0000022cea2c54c8 .param/l "wait_a" 0 4 30, C4<0100>;
P_0000022cea2c5500 .param/l "wait_q" 0 4 34, C4<1000>;
L_0000022cea306200 .functor BUFZ 4, v0000022cea30c180_0, C4<0000>, C4<0000>, C4<0000>;
L_0000022cea306510 .functor BUFZ 4, v0000022cea30bf00_0, C4<0000>, C4<0000>, C4<0000>;
v0000022cea30c2c0_0 .net "clk", 0 0, v0000022cea3498a0_0;  alias, 1 drivers
v0000022cea30aec0_0 .net "count", 3 0, v0000022cea302b00_0;  alias, 1 drivers
v0000022cea30cb80_0 .var "count_enable", 0 0;
v0000022cea30c360_0 .var "done", 0 0;
v0000022cea30bdc0_0 .var "ld_A", 0 0;
v0000022cea30ad80_0 .var "ld_Q", 0 0;
v0000022cea30be60_0 .var "ld_rem_quotient", 0 0;
v0000022cea30b820_0 .net "negative_flag", 0 0, v0000022cea30b640_0;  alias, 1 drivers
v0000022cea30bf00_0 .var "next_state", 3 0;
v0000022cea30c900_0 .net "ns", 3 0, L_0000022cea306510;  1 drivers
v0000022cea30c180_0 .var "present_state", 3 0;
v0000022cea30bbe0_0 .net "ps", 3 0, L_0000022cea306200;  1 drivers
v0000022cea30ae20_0 .net "rst", 0 0, v0000022cea34a3e0_0;  alias, 1 drivers
v0000022cea30c220_0 .var "select_A", 0 0;
v0000022cea30c400_0 .var "select_Q", 0 0;
v0000022cea30bfa0_0 .var "select_add", 0 0;
v0000022cea30cc20_0 .var "select_mux_2", 0 0;
v0000022cea30bb40_0 .var "shift_left_enable_a", 0 0;
v0000022cea30af60_0 .var "shift_left_enable_q", 0 0;
v0000022cea30b000_0 .net "start", 0 0, v0000022cea34a5c0_0;  alias, 1 drivers
v0000022cea30c4a0_0 .net "status", 0 0, v0000022cea30b3c0_0;  alias, 1 drivers
E_0000022cea314d40 .event anyedge, v0000022cea30c180_0;
E_0000022cea314ec0 .event anyedge, v0000022cea30b000_0, v0000022cea30c180_0;
E_0000022cea314d00 .event posedge, v0000022cea30ae20_0, v0000022cea30c2c0_0;
S_0000022cea2c24f0 .scope module, "datapath" "non_restoring_division_datapath" 3 38, 5 16 0, S_0000022cea301410;
 .timescale -9 -12;
    .port_info 0 /INPUT 1 "clk";
    .port_info 1 /INPUT 1 "rst";
    .port_info 2 /INPUT 16 "dividend";
    .port_info 3 /INPUT 16 "divisor";
    .port_info 4 /INPUT 1 "select_A";
    .port_info 5 /INPUT 1 "select_Q";
    .port_info 6 /INPUT 1 "ld_A";
    .port_info 7 /INPUT 1 "ld_Q";
    .port_info 8 /INPUT 1 "shift_left_enable_a";
    .port_info 9 /INPUT 1 "select_add";
    .port_info 10 /INPUT 1 "select_mux_2";
    .port_info 11 /INPUT 1 "shift_left_enable_q";
    .port_info 12 /INPUT 1 "count_enable";
    .port_info 13 /INPUT 1 "ld_rem_quotient";
    .port_info 14 /OUTPUT 1 "negative_flag";
    .port_info 15 /OUTPUT 16 "quotient";
    .port_info 16 /OUTPUT 17 "remainder";
    .port_info 17 /OUTPUT 4 "count";
    .port_info 18 /OUTPUT 1 "status";
v0000022cea3476e0_0 .net "A", 16 0, v0000022cea30c9a0_0;  1 drivers
v0000022cea3470a0_0 .net "Q", 15 0, v0000022cea30c040_0;  1 drivers
L_0000022cea380170 .functor BUFT 1, C4<0>, C4<0>, C4<0>, C4<0>;
v0000022cea346a60_0 .net/2u *"_ivl_10", 0 0, L_0000022cea380170;  1 drivers
L_0000022cea380128 .functor BUFT 1, C4<0>, C4<0>, C4<0>, C4<0>;
v0000022cea346e20_0 .net/2u *"_ivl_6", 0 0, L_0000022cea380128;  1 drivers
v0000022cea347820_0 .net "adder_out", 16 0, v0000022cea30c860_0;  1 drivers
v0000022cea346b00_0 .net "clk", 0 0, v0000022cea3498a0_0;  alias, 1 drivers
v0000022cea346ce0_0 .net "count", 3 0, v0000022cea302b00_0;  alias, 1 drivers
v0000022cea347aa0_0 .net "count_enable", 0 0, v0000022cea30cb80_0;  alias, 1 drivers
v0000022cea347be0_0 .net "dividend", 15 0, v0000022cea349940_0;  alias, 1 drivers
v0000022cea347b40_0 .net "divisor", 15 0, v0000022cea349c60_0;  alias, 1 drivers
v0000022cea346d80_0 .net "ld_A", 0 0, v0000022cea30bdc0_0;  alias, 1 drivers
v0000022cea3491c0_0 .net "ld_Q", 0 0, v0000022cea30ad80_0;  alias, 1 drivers
v0000022cea34a8e0_0 .net "ld_rem_quotient", 0 0, v0000022cea30be60_0;  alias, 1 drivers
v0000022cea349440_0 .net "mux_out_1", 16 0, v0000022cea346240_0;  1 drivers
v0000022cea349b20_0 .net "mux_out_2", 16 0, v0000022cea345fc0_0;  1 drivers
v0000022cea348fe0_0 .net "mux_out_3", 15 0, v0000022cea347140_0;  1 drivers
v0000022cea3496c0_0 .net "mux_out_4", 16 0, v0000022cea347000_0;  1 drivers
v0000022cea349260_0 .net "negative_flag", 0 0, v0000022cea30b640_0;  alias, 1 drivers
v0000022cea34a840_0 .net "quotient", 15 0, v0000022cea347280_0;  alias, 1 drivers
v0000022cea34aac0_0 .net "remainder", 16 0, v0000022cea3469c0_0;  alias, 1 drivers
v0000022cea349a80_0 .net "rst", 0 0, v0000022cea34a3e0_0;  alias, 1 drivers
v0000022cea34ab60_0 .net "select_A", 0 0, v0000022cea30c220_0;  alias, 1 drivers
v0000022cea349d00_0 .net "select_Q", 0 0, v0000022cea30c400_0;  alias, 1 drivers
v0000022cea349080_0 .net "select_add", 0 0, v0000022cea30bfa0_0;  alias, 1 drivers
v0000022cea34a2a0_0 .net "select_mux_2", 0 0, v0000022cea30cc20_0;  alias, 1 drivers
v0000022cea34a700_0 .net "shift_left_enable_a", 0 0, v0000022cea30bb40_0;  alias, 1 drivers
v0000022cea349580_0 .net "shift_left_enable_q", 0 0, v0000022cea30af60_0;  alias, 1 drivers
v0000022cea349300_0 .net "shift_register_out_a", 16 0, v0000022cea347460_0;  1 drivers
v0000022cea34ad40_0 .net "shift_register_out_q", 15 0, v0000022cea345f20_0;  1 drivers
v0000022cea34a340_0 .net "status", 0 0, v0000022cea30b3c0_0;  alias, 1 drivers
v0000022cea3499e0_0 .net "subtractor_out", 16 0, v0000022cea347d20_0;  1 drivers
L_0000022cea34bc70 .part v0000022cea30c9a0_0, 16, 1;
L_0000022cea34c2b0 .concat [ 16 1 0 0], v0000022cea349c60_0, L_0000022cea380128;
L_0000022cea34ba90 .concat [ 16 1 0 0], v0000022cea349c60_0, L_0000022cea380170;
L_0000022cea34c030 .part v0000022cea345fc0_0, 16, 1;
S_0000022cea2bdd80 .scope module, "A_reg" "register_a" 5 66, 6 2 0, S_0000022cea2c24f0;
 .timescale -9 -12;
    .port_info 0 /INPUT 1 "rst";
    .port_info 1 /INPUT 1 "clk";
    .port_info 2 /INPUT 1 "ld_register";
    .port_info 3 /INPUT 17 "input_data";
    .port_info 4 /OUTPUT 17 "output_data";
v0000022cea30b140_0 .net "clk", 0 0, v0000022cea3498a0_0;  alias, 1 drivers
v0000022cea30b0a0_0 .net "input_data", 16 0, v0000022cea346240_0;  alias, 1 drivers
v0000022cea30c7c0_0 .net "ld_register", 0 0, v0000022cea30bdc0_0;  alias, 1 drivers
v0000022cea30c9a0_0 .var "output_data", 16 0;
v0000022cea30bc80_0 .net "rst", 0 0, v0000022cea34a3e0_0;  alias, 1 drivers
S_0000022cea2bdf10 .scope module, "Q_reg" "register_q" 5 75, 7 2 0, S_0000022cea2c24f0;
 .timescale -9 -12;
    .port_info 0 /INPUT 1 "rst";
    .port_info 1 /INPUT 1 "clk";
    .port_info 2 /INPUT 1 "ld_register";
    .port_info 3 /INPUT 16 "input_data";
    .port_info 4 /OUTPUT 16 "output_data";
v0000022cea30b1e0_0 .net "clk", 0 0, v0000022cea3498a0_0;  alias, 1 drivers
v0000022cea30c0e0_0 .net "input_data", 15 0, v0000022cea347140_0;  alias, 1 drivers
v0000022cea30ba00_0 .net "ld_register", 0 0, v0000022cea30ad80_0;  alias, 1 drivers
v0000022cea30c040_0 .var "output_data", 15 0;
v0000022cea30b280_0 .net "rst", 0 0, v0000022cea34a3e0_0;  alias, 1 drivers
S_0000022cea2e3d90 .scope module, "adder1" "adder" 5 108, 8 2 0, S_0000022cea2c24f0;
 .timescale -9 -12;
    .port_info 0 /INPUT 17 "A";
    .port_info 1 /INPUT 17 "B";
    .port_info 2 /OUTPUT 17 "sum";
v0000022cea30b780_0 .net "A", 16 0, v0000022cea347000_0;  alias, 1 drivers
v0000022cea30c720_0 .net "B", 16 0, L_0000022cea34c2b0;  1 drivers
v0000022cea30c860_0 .var "sum", 16 0;
E_0000022cea315240 .event anyedge, v0000022cea30c720_0, v0000022cea30b780_0;
S_0000022cea2e3f20 .scope module, "cmp" "comparator" 5 158, 9 2 0, S_0000022cea2c24f0;
 .timescale -9 -12;
    .port_info 0 /INPUT 4 "A";
    .port_info 1 /INPUT 4 "B";
    .port_info 2 /OUTPUT 1 "equal";
v0000022cea30b8c0_0 .net "A", 3 0, v0000022cea302b00_0;  alias, 1 drivers
L_0000022cea3801b8 .functor BUFT 1, C4<1111>, C4<0>, C4<0>, C4<0>;
v0000022cea30cae0_0 .net "B", 3 0, L_0000022cea3801b8;  1 drivers
v0000022cea30b3c0_0 .var "equal", 0 0;
E_0000022cea314780 .event anyedge, v0000022cea30cae0_0, v0000022cea30aec0_0;
S_0000022cea2d3360 .scope module, "cmp1" "comparator_1bit" 5 93, 10 2 0, S_0000022cea2c24f0;
 .timescale -9 -12;
    .port_info 0 /INPUT 1 "A";
    .port_info 1 /INPUT 1 "B";
    .port_info 2 /OUTPUT 1 "equal";
v0000022cea30b460_0 .net "A", 0 0, L_0000022cea34bc70;  1 drivers
L_0000022cea3800e0 .functor BUFT 1, C4<1>, C4<0>, C4<0>, C4<0>;
v0000022cea30b500_0 .net "B", 0 0, L_0000022cea3800e0;  1 drivers
v0000022cea30b640_0 .var "equal", 0 0;
E_0000022cea3147c0 .event anyedge, v0000022cea30b500_0, v0000022cea30b460_0;
S_0000022cea2d34f0 .scope module, "incrementer" "counter" 5 150, 11 2 0, S_0000022cea2c24f0;
 .timescale -9 -12;
    .port_info 0 /INPUT 1 "clk";
    .port_info 1 /INPUT 1 "rst";
    .port_info 2 /INPUT 1 "count_enable";
    .port_info 3 /OUTPUT 4 "count";
v0000022cea30b960_0 .net "clk", 0 0, v0000022cea3498a0_0;  alias, 1 drivers
v0000022cea302b00_0 .var "count", 3 0;
v0000022cea302e20_0 .net "count_enable", 0 0, v0000022cea30cb80_0;  alias, 1 drivers
v0000022cea303140_0 .net "rst", 0 0, v0000022cea34a3e0_0;  alias, 1 drivers
E_0000022cea314a40 .event posedge, v0000022cea30c2c0_0;
S_0000022cea2627a0 .scope module, "mux1" "mux_2x1" 5 58, 12 2 0, S_0000022cea2c24f0;
 .timescale -9 -12;
    .port_info 0 /INPUT 1 "select";
    .port_info 1 /INPUT 17 "A";
    .port_info 2 /INPUT 17 "B";
    .port_info 3 /OUTPUT 17 "out";
L_0000022cea380098 .functor BUFT 1, C4<00000000000000000>, C4<0>, C4<0>, C4<0>;
v0000022cea302ec0_0 .net "A", 16 0, L_0000022cea380098;  1 drivers
v0000022cea303280_0 .net "B", 16 0, v0000022cea345fc0_0;  alias, 1 drivers
v0000022cea346240_0 .var "out", 16 0;
v0000022cea347960_0 .net "select", 0 0, v0000022cea30c220_0;  alias, 1 drivers
E_0000022cea3156c0 .event anyedge, v0000022cea303280_0, v0000022cea302ec0_0, v0000022cea30c220_0;
S_0000022cea262930 .scope module, "mux2" "mux_2x1" 5 122, 12 2 0, S_0000022cea2c24f0;
 .timescale -9 -12;
    .port_info 0 /INPUT 1 "select";
    .port_info 1 /INPUT 17 "A";
    .port_info 2 /INPUT 17 "B";
    .port_info 3 /OUTPUT 17 "out";
v0000022cea346f60_0 .net "A", 16 0, v0000022cea30c860_0;  alias, 1 drivers
v0000022cea346060_0 .net "B", 16 0, v0000022cea347d20_0;  alias, 1 drivers
v0000022cea345fc0_0 .var "out", 16 0;
v0000022cea347c80_0 .net "select", 0 0, v0000022cea30cc20_0;  alias, 1 drivers
E_0000022cea314a80 .event anyedge, v0000022cea346060_0, v0000022cea30c860_0, v0000022cea30cc20_0;
S_0000022cea2bb870 .scope module, "mux3" "mux_2x1_16bit" 5 140, 13 2 0, S_0000022cea2c24f0;
 .timescale -9 -12;
    .port_info 0 /INPUT 1 "select";
    .port_info 1 /INPUT 16 "A";
    .port_info 2 /INPUT 16 "B";
    .port_info 3 /OUTPUT 16 "out";
v0000022cea346ec0_0 .net "A", 15 0, v0000022cea349940_0;  alias, 1 drivers
v0000022cea347a00_0 .net "B", 15 0, v0000022cea345f20_0;  alias, 1 drivers
v0000022cea347140_0 .var "out", 15 0;
v0000022cea346420_0 .net "select", 0 0, v0000022cea30c400_0;  alias, 1 drivers
E_0000022cea3154c0 .event anyedge, v0000022cea347a00_0, v0000022cea346ec0_0, v0000022cea30c400_0;
S_0000022cea2bba00 .scope module, "mux4" "mux_2x1" 5 99, 12 2 0, S_0000022cea2c24f0;
 .timescale -9 -12;
    .port_info 0 /INPUT 1 "select";
    .port_info 1 /INPUT 17 "A";
    .port_info 2 /INPUT 17 "B";
    .port_info 3 /OUTPUT 17 "out";
v0000022cea3461a0_0 .net "A", 16 0, v0000022cea30c9a0_0;  alias, 1 drivers
v0000022cea347500_0 .net "B", 16 0, v0000022cea347460_0;  alias, 1 drivers
v0000022cea347000_0 .var "out", 16 0;
v0000022cea3464c0_0 .net "select", 0 0, v0000022cea30bfa0_0;  alias, 1 drivers
E_0000022cea314800 .event anyedge, v0000022cea347500_0, v0000022cea30c9a0_0, v0000022cea30bfa0_0;
S_0000022cea2b7730 .scope module, "quotient_reg" "register_q" 5 174, 7 2 0, S_0000022cea2c24f0;
 .timescale -9 -12;
    .port_info 0 /INPUT 1 "rst";
    .port_info 1 /INPUT 1 "clk";
    .port_info 2 /INPUT 1 "ld_register";
    .port_info 3 /INPUT 16 "input_data";
    .port_info 4 /OUTPUT 16 "output_data";
v0000022cea3475a0_0 .net "clk", 0 0, v0000022cea3498a0_0;  alias, 1 drivers
v0000022cea346c40_0 .net "input_data", 15 0, v0000022cea345f20_0;  alias, 1 drivers
v0000022cea3473c0_0 .net "ld_register", 0 0, v0000022cea30be60_0;  alias, 1 drivers
v0000022cea347280_0 .var "output_data", 15 0;
v0000022cea347320_0 .net "rst", 0 0, v0000022cea34a3e0_0;  alias, 1 drivers
S_0000022cea2b78c0 .scope module, "remainder_reg" "register_a" 5 165, 6 2 0, S_0000022cea2c24f0;
 .timescale -9 -12;
    .port_info 0 /INPUT 1 "rst";
    .port_info 1 /INPUT 1 "clk";
    .port_info 2 /INPUT 1 "ld_register";
    .port_info 3 /INPUT 17 "input_data";
    .port_info 4 /OUTPUT 17 "output_data";
v0000022cea3467e0_0 .net "clk", 0 0, v0000022cea3498a0_0;  alias, 1 drivers
v0000022cea3478c0_0 .net "input_data", 16 0, v0000022cea345fc0_0;  alias, 1 drivers
v0000022cea346100_0 .net "ld_register", 0 0, v0000022cea30be60_0;  alias, 1 drivers
v0000022cea3469c0_0 .var "output_data", 16 0;
v0000022cea3466a0_0 .net "rst", 0 0, v0000022cea34a3e0_0;  alias, 1 drivers
S_0000022cea348ca0 .scope module, "shift_A_left" "shift_register_a" 5 84, 14 2 0, S_0000022cea2c24f0;
 .timescale -9 -12;
    .port_info 0 /INPUT 1 "rst";
    .port_info 1 /INPUT 1 "clk";
    .port_info 2 /INPUT 17 "A";
    .port_info 3 /INPUT 16 "Q";
    .port_info 4 /INPUT 1 "shift_left_enable_a";
    .port_info 5 /OUTPUT 17 "shift_out";
v0000022cea345e80_0 .net "A", 16 0, v0000022cea30c9a0_0;  alias, 1 drivers
v0000022cea346920_0 .net "Q", 15 0, v0000022cea30c040_0;  alias, 1 drivers
v0000022cea346740_0 .net "clk", 0 0, v0000022cea3498a0_0;  alias, 1 drivers
v0000022cea3462e0_0 .net "rst", 0 0, v0000022cea34a3e0_0;  alias, 1 drivers
v0000022cea346ba0_0 .net "shift_left_enable_a", 0 0, v0000022cea30bb40_0;  alias, 1 drivers
v0000022cea347460_0 .var "shift_out", 16 0;
S_0000022cea348340 .scope module, "shift_Q_left" "shift_register_q" 5 130, 15 2 0, S_0000022cea2c24f0;
 .timescale -9 -12;
    .port_info 0 /INPUT 1 "rst";
    .port_info 1 /INPUT 1 "clk";
    .port_info 2 /INPUT 1 "shift_left_enable_q";
    .port_info 3 /INPUT 16 "Q";
    .port_info 4 /INPUT 1 "A";
    .port_info 5 /OUTPUT 16 "shift_out";
v0000022cea346380_0 .net "A", 0 0, L_0000022cea34c030;  1 drivers
v0000022cea346560_0 .net "Q", 15 0, v0000022cea30c040_0;  alias, 1 drivers
v0000022cea347780_0 .net "clk", 0 0, v0000022cea3498a0_0;  alias, 1 drivers
v0000022cea346600_0 .net "rst", 0 0, v0000022cea34a3e0_0;  alias, 1 drivers
v0000022cea3471e0_0 .net "shift_left_enable_q", 0 0, v0000022cea30af60_0;  alias, 1 drivers
v0000022cea345f20_0 .var "shift_out", 15 0;
S_0000022cea3484d0 .scope module, "subtractor1" "subtractor" 5 115, 16 2 0, S_0000022cea2c24f0;
 .timescale -9 -12;
    .port_info 0 /INPUT 17 "A";
    .port_info 1 /INPUT 17 "B";
    .port_info 2 /OUTPUT 17 "difference";
v0000022cea346880_0 .net "A", 16 0, v0000022cea347460_0;  alias, 1 drivers
v0000022cea347640_0 .net "B", 16 0, L_0000022cea34ba90;  1 drivers
v0000022cea347d20_0 .var "difference", 16 0;
E_0000022cea315640 .event anyedge, v0000022cea347640_0, v0000022cea347500_0;
S_0000022cea301280 .scope module, "lcd_module" "lcd_module" 17 3;
 .timescale -9 -12;
    .port_info 0 /INPUT 1 "clk";
    .port_info 1 /INPUT 1 "rst";
    .port_info 2 /INPUT 4 "quotient";
    .port_info 3 /OUTPUT 7 "seg";
    .port_info 4 /OUTPUT 4 "digit";
P_0000022cea2c6ef0 .param/l "A" 0 17 27, C4<0001000>;
P_0000022cea2c6f28 .param/l "B" 0 17 28, C4<1100000>;
P_0000022cea2c6f60 .param/l "C" 0 17 29, C4<0110001>;
P_0000022cea2c6f98 .param/l "D" 0 17 30, C4<1000010>;
P_0000022cea2c6fd0 .param/l "E" 0 17 31, C4<0010000>;
P_0000022cea2c7008 .param/l "EIGHT" 0 17 25, C4<0000000>;
P_0000022cea2c7040 .param/l "F" 0 17 32, C4<0111000>;
P_0000022cea2c7078 .param/l "FIVE" 0 17 22, C4<0100100>;
P_0000022cea2c70b0 .param/l "FOUR" 0 17 21, C4<1001100>;
P_0000022cea2c70e8 .param/l "NINE" 0 17 26, C4<0001100>;
P_0000022cea2c7120 .param/l "ONE" 0 17 18, C4<1001111>;
P_0000022cea2c7158 .param/l "SEVEN" 0 17 24, C4<0001111>;
P_0000022cea2c7190 .param/l "SIX" 0 17 23, C4<0100000>;
P_0000022cea2c71c8 .param/l "THREE" 0 17 20, C4<0000110>;
P_0000022cea2c7200 .param/l "TWO" 0 17 19, C4<0010010>;
P_0000022cea2c7238 .param/l "ZERO" 0 17 17, C4<0000001>;
o0000022cea351d68 .functor BUFZ 1, C4<z>; HiZ drive
v0000022cea30c680_0 .net "clk", 0 0, o0000022cea351d68;  0 drivers
v0000022cea34c5d0_0 .var "digit", 3 0;
o0000022cea351dc8 .functor BUFZ 4, C4<zzzz>; HiZ drive
v0000022cea34c670_0 .net "quotient", 3 0, o0000022cea351dc8;  0 drivers
o0000022cea351df8 .functor BUFZ 1, C4<z>; HiZ drive
v0000022cea34c8f0_0 .net "rst", 0 0, o0000022cea351df8;  0 drivers
v0000022cea34c710_0 .var "seg", 6 0;
E_0000022cea314840 .event anyedge, v0000022cea34c670_0;
E_0000022cea314ac0 .event posedge, v0000022cea30c680_0;
    .scope S_0000022cea2627a0;
T_0 ;
    %wait E_0000022cea3156c0;
    %load/vec4 v0000022cea347960_0;
    %flag_set/vec4 8;
    %jmp/0xz  T_0.0, 8;
    %load/vec4 v0000022cea302ec0_0;
    %store/vec4 v0000022cea346240_0, 0, 17;
    %jmp T_0.1;
T_0.0 ;
    %load/vec4 v0000022cea303280_0;
    %store/vec4 v0000022cea346240_0, 0, 17;
T_0.1 ;
    %jmp T_0;
    .thread T_0, $push;
    .scope S_0000022cea2bdd80;
T_1 ;
    %wait E_0000022cea314d00;
    %load/vec4 v0000022cea30bc80_0;
    %flag_set/vec4 8;
    %jmp/0xz  T_1.0, 8;
    %pushi/vec4 0, 0, 17;
    %assign/vec4 v0000022cea30c9a0_0, 0;
    %jmp T_1.1;
T_1.0 ;
    %load/vec4 v0000022cea30c7c0_0;
    %flag_set/vec4 8;
    %jmp/0xz  T_1.2, 8;
    %load/vec4 v0000022cea30b0a0_0;
    %assign/vec4 v0000022cea30c9a0_0, 0;
T_1.2 ;
T_1.1 ;
    %jmp T_1;
    .thread T_1;
    .scope S_0000022cea2bdf10;
T_2 ;
    %wait E_0000022cea314d00;
    %load/vec4 v0000022cea30b280_0;
    %flag_set/vec4 8;
    %jmp/0xz  T_2.0, 8;
    %pushi/vec4 0, 0, 16;
    %assign/vec4 v0000022cea30c040_0, 0;
    %jmp T_2.1;
T_2.0 ;
    %load/vec4 v0000022cea30ba00_0;
    %flag_set/vec4 8;
    %jmp/0xz  T_2.2, 8;
    %load/vec4 v0000022cea30c0e0_0;
    %assign/vec4 v0000022cea30c040_0, 0;
T_2.2 ;
T_2.1 ;
    %jmp T_2;
    .thread T_2;
    .scope S_0000022cea348ca0;
T_3 ;
    %wait E_0000022cea314d00;
    %load/vec4 v0000022cea3462e0_0;
    %flag_set/vec4 8;
    %jmp/0xz  T_3.0, 8;
    %pushi/vec4 0, 0, 17;
    %assign/vec4 v0000022cea347460_0, 0;
    %jmp T_3.1;
T_3.0 ;
    %load/vec4 v0000022cea346ba0_0;
    %cmpi/e 1, 0, 1;
    %jmp/0xz  T_3.2, 4;
    %load/vec4 v0000022cea345e80_0;
    %parti/s 16, 0, 2;
    %load/vec4 v0000022cea346920_0;
    %parti/s 1, 15, 5;
    %concat/vec4; draw_concat_vec4
    %assign/vec4 v0000022cea347460_0, 0;
T_3.2 ;
T_3.1 ;
    %jmp T_3;
    .thread T_3;
    .scope S_0000022cea2d3360;
T_4 ;
    %wait E_0000022cea3147c0;
    %load/vec4 v0000022cea30b460_0;
    %load/vec4 v0000022cea30b500_0;
    %cmp/e;
    %jmp/0xz  T_4.0, 4;
    %pushi/vec4 1, 0, 1;
    %store/vec4 v0000022cea30b640_0, 0, 1;
    %jmp T_4.1;
T_4.0 ;
    %pushi/vec4 0, 0, 1;
    %store/vec4 v0000022cea30b640_0, 0, 1;
T_4.1 ;
    %jmp T_4;
    .thread T_4, $push;
    .scope S_0000022cea2bba00;
T_5 ;
    %wait E_0000022cea314800;
    %load/vec4 v0000022cea3464c0_0;
    %flag_set/vec4 8;
    %jmp/0xz  T_5.0, 8;
    %load/vec4 v0000022cea3461a0_0;
    %store/vec4 v0000022cea347000_0, 0, 17;
    %jmp T_5.1;
T_5.0 ;
    %load/vec4 v0000022cea347500_0;
    %store/vec4 v0000022cea347000_0, 0, 17;
T_5.1 ;
    %jmp T_5;
    .thread T_5, $push;
    .scope S_0000022cea2e3d90;
T_6 ;
    %wait E_0000022cea315240;
    %load/vec4 v0000022cea30b780_0;
    %load/vec4 v0000022cea30c720_0;
    %add;
    %store/vec4 v0000022cea30c860_0, 0, 17;
    %jmp T_6;
    .thread T_6, $push;
    .scope S_0000022cea3484d0;
T_7 ;
    %wait E_0000022cea315640;
    %load/vec4 v0000022cea346880_0;
    %load/vec4 v0000022cea347640_0;
    %sub;
    %store/vec4 v0000022cea347d20_0, 0, 17;
    %jmp T_7;
    .thread T_7, $push;
    .scope S_0000022cea262930;
T_8 ;
    %wait E_0000022cea314a80;
    %load/vec4 v0000022cea347c80_0;
    %flag_set/vec4 8;
    %jmp/0xz  T_8.0, 8;
    %load/vec4 v0000022cea346f60_0;
    %store/vec4 v0000022cea345fc0_0, 0, 17;
    %jmp T_8.1;
T_8.0 ;
    %load/vec4 v0000022cea346060_0;
    %store/vec4 v0000022cea345fc0_0, 0, 17;
T_8.1 ;
    %jmp T_8;
    .thread T_8, $push;
    .scope S_0000022cea348340;
T_9 ;
    %wait E_0000022cea314d00;
    %load/vec4 v0000022cea346600_0;
    %flag_set/vec4 8;
    %jmp/0xz  T_9.0, 8;
    %pushi/vec4 0, 0, 16;
    %assign/vec4 v0000022cea345f20_0, 0;
    %jmp T_9.1;
T_9.0 ;
    %load/vec4 v0000022cea3471e0_0;
    %cmpi/e 1, 0, 1;
    %jmp/0xz  T_9.2, 4;
    %load/vec4 v0000022cea346560_0;
    %parti/s 15, 0, 2;
    %load/vec4 v0000022cea346380_0;
    %inv;
    %concat/vec4; draw_concat_vec4
    %assign/vec4 v0000022cea345f20_0, 0;
T_9.2 ;
T_9.1 ;
    %jmp T_9;
    .thread T_9;
    .scope S_0000022cea2bb870;
T_10 ;
    %wait E_0000022cea3154c0;
    %load/vec4 v0000022cea346420_0;
    %flag_set/vec4 8;
    %jmp/0xz  T_10.0, 8;
    %load/vec4 v0000022cea346ec0_0;
    %store/vec4 v0000022cea347140_0, 0, 16;
    %jmp T_10.1;
T_10.0 ;
    %load/vec4 v0000022cea347a00_0;
    %store/vec4 v0000022cea347140_0, 0, 16;
T_10.1 ;
    %jmp T_10;
    .thread T_10, $push;
    .scope S_0000022cea2d34f0;
T_11 ;
    %wait E_0000022cea314a40;
    %load/vec4 v0000022cea303140_0;
    %flag_set/vec4 8;
    %jmp/0xz  T_11.0, 8;
    %pushi/vec4 0, 0, 4;
    %assign/vec4 v0000022cea302b00_0, 0;
    %jmp T_11.1;
T_11.0 ;
    %load/vec4 v0000022cea302e20_0;
    %cmpi/e 1, 0, 1;
    %jmp/0xz  T_11.2, 4;
    %load/vec4 v0000022cea302b00_0;
    %addi 1, 0, 4;
    %assign/vec4 v0000022cea302b00_0, 0;
T_11.2 ;
T_11.1 ;
    %jmp T_11;
    .thread T_11;
    .scope S_0000022cea2e3f20;
T_12 ;
    %wait E_0000022cea314780;
    %load/vec4 v0000022cea30b8c0_0;
    %load/vec4 v0000022cea30cae0_0;
    %cmp/e;
    %jmp/0xz  T_12.0, 4;
    %pushi/vec4 1, 0, 1;
    %store/vec4 v0000022cea30b3c0_0, 0, 1;
    %jmp T_12.1;
T_12.0 ;
    %pushi/vec4 0, 0, 1;
    %store/vec4 v0000022cea30b3c0_0, 0, 1;
T_12.1 ;
    %jmp T_12;
    .thread T_12, $push;
    .scope S_0000022cea2b78c0;
T_13 ;
    %wait E_0000022cea314d00;
    %load/vec4 v0000022cea3466a0_0;
    %flag_set/vec4 8;
    %jmp/0xz  T_13.0, 8;
    %pushi/vec4 0, 0, 17;
    %assign/vec4 v0000022cea3469c0_0, 0;
    %jmp T_13.1;
T_13.0 ;
    %load/vec4 v0000022cea346100_0;
    %flag_set/vec4 8;
    %jmp/0xz  T_13.2, 8;
    %load/vec4 v0000022cea3478c0_0;
    %assign/vec4 v0000022cea3469c0_0, 0;
T_13.2 ;
T_13.1 ;
    %jmp T_13;
    .thread T_13;
    .scope S_0000022cea2b7730;
T_14 ;
    %wait E_0000022cea314d00;
    %load/vec4 v0000022cea347320_0;
    %flag_set/vec4 8;
    %jmp/0xz  T_14.0, 8;
    %pushi/vec4 0, 0, 16;
    %assign/vec4 v0000022cea347280_0, 0;
    %jmp T_14.1;
T_14.0 ;
    %load/vec4 v0000022cea3473c0_0;
    %flag_set/vec4 8;
    %jmp/0xz  T_14.2, 8;
    %load/vec4 v0000022cea346c40_0;
    %assign/vec4 v0000022cea347280_0, 0;
T_14.2 ;
T_14.1 ;
    %jmp T_14;
    .thread T_14;
    .scope S_0000022cea2c50d0;
T_15 ;
    %wait E_0000022cea314d00;
    %load/vec4 v0000022cea30ae20_0;
    %flag_set/vec4 8;
    %jmp/0xz  T_15.0, 8;
    %pushi/vec4 0, 0, 4;
    %assign/vec4 v0000022cea30c180_0, 0;
    %jmp T_15.1;
T_15.0 ;
    %load/vec4 v0000022cea30bf00_0;
    %assign/vec4 v0000022cea30c180_0, 0;
T_15.1 ;
    %jmp T_15;
    .thread T_15;
    .scope S_0000022cea2c50d0;
T_16 ;
    %wait E_0000022cea314ec0;
    %load/vec4 v0000022cea30c180_0;
    %dup/vec4;
    %pushi/vec4 0, 0, 4;
    %cmp/u;
    %jmp/1 T_16.0, 6;
    %dup/vec4;
    %pushi/vec4 1, 0, 4;
    %cmp/u;
    %jmp/1 T_16.1, 6;
    %dup/vec4;
    %pushi/vec4 3, 0, 4;
    %cmp/u;
    %jmp/1 T_16.2, 6;
    %dup/vec4;
    %pushi/vec4 4, 0, 4;
    %cmp/u;
    %jmp/1 T_16.3, 6;
    %dup/vec4;
    %pushi/vec4 5, 0, 4;
    %cmp/u;
    %jmp/1 T_16.4, 6;
    %dup/vec4;
    %pushi/vec4 6, 0, 4;
    %cmp/u;
    %jmp/1 T_16.5, 6;
    %dup/vec4;
    %pushi/vec4 7, 0, 4;
    %cmp/u;
    %jmp/1 T_16.6, 6;
    %dup/vec4;
    %pushi/vec4 8, 0, 4;
    %cmp/u;
    %jmp/1 T_16.7, 6;
    %dup/vec4;
    %pushi/vec4 9, 0, 4;
    %cmp/u;
    %jmp/1 T_16.8, 6;
    %dup/vec4;
    %pushi/vec4 10, 0, 4;
    %cmp/u;
    %jmp/1 T_16.9, 6;
    %dup/vec4;
    %pushi/vec4 11, 0, 4;
    %cmp/u;
    %jmp/1 T_16.10, 6;
    %dup/vec4;
    %pushi/vec4 12, 0, 4;
    %cmp/u;
    %jmp/1 T_16.11, 6;
    %pushi/vec4 0, 0, 4;
    %store/vec4 v0000022cea30bf00_0, 0, 4;
    %jmp T_16.13;
T_16.0 ;
    %load/vec4 v0000022cea30b000_0;
    %cmpi/e 1, 0, 1;
    %flag_mov 8, 4;
    %jmp/0 T_16.14, 8;
    %pushi/vec4 1, 0, 4;
    %jmp/1 T_16.15, 8;
T_16.14 ; End of true expr.
    %pushi/vec4 0, 0, 4;
    %jmp/0 T_16.15, 8;
 ; End of false expr.
    %blend;
T_16.15;
    %store/vec4 v0000022cea30bf00_0, 0, 4;
    %jmp T_16.13;
T_16.1 ;
    %pushi/vec4 3, 0, 4;
    %store/vec4 v0000022cea30bf00_0, 0, 4;
    %jmp T_16.13;
T_16.2 ;
    %pushi/vec4 4, 0, 4;
    %store/vec4 v0000022cea30bf00_0, 0, 4;
    %jmp T_16.13;
T_16.3 ;
    %load/vec4 v0000022cea30b820_0;
    %cmpi/e 1, 0, 1;
    %flag_mov 8, 4;
    %jmp/0 T_16.16, 8;
    %pushi/vec4 5, 0, 4;
    %jmp/1 T_16.17, 8;
T_16.16 ; End of true expr.
    %pushi/vec4 6, 0, 4;
    %jmp/0 T_16.17, 8;
 ; End of false expr.
    %blend;
T_16.17;
    %store/vec4 v0000022cea30bf00_0, 0, 4;
    %jmp T_16.13;
T_16.4 ;
    %pushi/vec4 7, 0, 4;
    %store/vec4 v0000022cea30bf00_0, 0, 4;
    %jmp T_16.13;
T_16.5 ;
    %pushi/vec4 7, 0, 4;
    %store/vec4 v0000022cea30bf00_0, 0, 4;
    %jmp T_16.13;
T_16.6 ;
    %pushi/vec4 8, 0, 4;
    %store/vec4 v0000022cea30bf00_0, 0, 4;
    %jmp T_16.13;
T_16.7 ;
    %load/vec4 v0000022cea30c4a0_0;
    %cmpi/e 1, 0, 1;
    %flag_mov 8, 4;
    %jmp/0 T_16.18, 8;
    %pushi/vec4 10, 0, 4;
    %jmp/1 T_16.19, 8;
T_16.18 ; End of true expr.
    %pushi/vec4 9, 0, 4;
    %jmp/0 T_16.19, 8;
 ; End of false expr.
    %blend;
T_16.19;
    %store/vec4 v0000022cea30bf00_0, 0, 4;
    %jmp T_16.13;
T_16.8 ;
    %pushi/vec4 3, 0, 4;
    %store/vec4 v0000022cea30bf00_0, 0, 4;
    %jmp T_16.13;
T_16.9 ;
    %load/vec4 v0000022cea30b820_0;
    %cmpi/e 1, 0, 1;
    %flag_mov 8, 4;
    %jmp/0 T_16.20, 8;
    %pushi/vec4 11, 0, 4;
    %jmp/1 T_16.21, 8;
T_16.20 ; End of true expr.
    %pushi/vec4 12, 0, 4;
    %jmp/0 T_16.21, 8;
 ; End of false expr.
    %blend;
T_16.21;
    %store/vec4 v0000022cea30bf00_0, 0, 4;
    %jmp T_16.13;
T_16.10 ;
    %pushi/vec4 12, 0, 4;
    %store/vec4 v0000022cea30bf00_0, 0, 4;
    %jmp T_16.13;
T_16.11 ;
    %pushi/vec4 0, 0, 4;
    %store/vec4 v0000022cea30bf00_0, 0, 4;
    %jmp T_16.13;
T_16.13 ;
    %pop/vec4 1;
    %jmp T_16;
    .thread T_16, $push;
    .scope S_0000022cea2c50d0;
T_17 ;
    %wait E_0000022cea314d40;
    %load/vec4 v0000022cea30c180_0;
    %dup/vec4;
    %pushi/vec4 0, 0, 4;
    %cmp/u;
    %jmp/1 T_17.0, 6;
    %dup/vec4;
    %pushi/vec4 1, 0, 4;
    %cmp/u;
    %jmp/1 T_17.1, 6;
    %dup/vec4;
    %pushi/vec4 3, 0, 4;
    %cmp/u;
    %jmp/1 T_17.2, 6;
    %dup/vec4;
    %pushi/vec4 4, 0, 4;
    %cmp/u;
    %jmp/1 T_17.3, 6;
    %dup/vec4;
    %pushi/vec4 5, 0, 4;
    %cmp/u;
    %jmp/1 T_17.4, 6;
    %dup/vec4;
    %pushi/vec4 6, 0, 4;
    %cmp/u;
    %jmp/1 T_17.5, 6;
    %dup/vec4;
    %pushi/vec4 7, 0, 4;
    %cmp/u;
    %jmp/1 T_17.6, 6;
    %dup/vec4;
    %pushi/vec4 8, 0, 4;
    %cmp/u;
    %jmp/1 T_17.7, 6;
    %dup/vec4;
    %pushi/vec4 9, 0, 4;
    %cmp/u;
    %jmp/1 T_17.8, 6;
    %dup/vec4;
    %pushi/vec4 10, 0, 4;
    %cmp/u;
    %jmp/1 T_17.9, 6;
    %dup/vec4;
    %pushi/vec4 11, 0, 4;
    %cmp/u;
    %jmp/1 T_17.10, 6;
    %dup/vec4;
    %pushi/vec4 12, 0, 4;
    %cmp/u;
    %jmp/1 T_17.11, 6;
    %pushi/vec4 0, 0, 1;
    %store/vec4 v0000022cea30cb80_0, 0, 1;
    %pushi/vec4 0, 0, 1;
    %store/vec4 v0000022cea30c220_0, 0, 1;
    %pushi/vec4 0, 0, 1;
    %store/vec4 v0000022cea30c400_0, 0, 1;
    %pushi/vec4 0, 0, 1;
    %store/vec4 v0000022cea30bdc0_0, 0, 1;
    %pushi/vec4 0, 0, 1;
    %store/vec4 v0000022cea30ad80_0, 0, 1;
    %pushi/vec4 0, 0, 1;
    %store/vec4 v0000022cea30bb40_0, 0, 1;
    %pushi/vec4 0, 0, 1;
    %store/vec4 v0000022cea30bfa0_0, 0, 1;
    %pushi/vec4 0, 0, 1;
    %store/vec4 v0000022cea30af60_0, 0, 1;
    %pushi/vec4 0, 0, 1;
    %store/vec4 v0000022cea30be60_0, 0, 1;
    %pushi/vec4 0, 0, 1;
    %store/vec4 v0000022cea30cc20_0, 0, 1;
    %jmp T_17.13;
T_17.0 ;
    %pushi/vec4 0, 0, 1;
    %store/vec4 v0000022cea30cb80_0, 0, 1;
    %pushi/vec4 0, 0, 1;
    %store/vec4 v0000022cea30c220_0, 0, 1;
    %pushi/vec4 0, 0, 1;
    %store/vec4 v0000022cea30c400_0, 0, 1;
    %pushi/vec4 0, 0, 1;
    %store/vec4 v0000022cea30bdc0_0, 0, 1;
    %pushi/vec4 0, 0, 1;
    %store/vec4 v0000022cea30ad80_0, 0, 1;
    %pushi/vec4 0, 0, 1;
    %store/vec4 v0000022cea30bb40_0, 0, 1;
    %pushi/vec4 0, 0, 1;
    %store/vec4 v0000022cea30bfa0_0, 0, 1;
    %pushi/vec4 0, 0, 1;
    %store/vec4 v0000022cea30af60_0, 0, 1;
    %pushi/vec4 0, 0, 1;
    %store/vec4 v0000022cea30be60_0, 0, 1;
    %pushi/vec4 0, 0, 1;
    %store/vec4 v0000022cea30cc20_0, 0, 1;
    %pushi/vec4 0, 0, 1;
    %store/vec4 v0000022cea30c360_0, 0, 1;
    %jmp T_17.13;
T_17.1 ;
    %pushi/vec4 0, 0, 1;
    %store/vec4 v0000022cea30cb80_0, 0, 1;
    %pushi/vec4 1, 0, 1;
    %store/vec4 v0000022cea30c220_0, 0, 1;
    %pushi/vec4 1, 0, 1;
    %store/vec4 v0000022cea30c400_0, 0, 1;
    %pushi/vec4 1, 0, 1;
    %store/vec4 v0000022cea30bdc0_0, 0, 1;
    %pushi/vec4 1, 0, 1;
    %store/vec4 v0000022cea30ad80_0, 0, 1;
    %pushi/vec4 0, 0, 1;
    %store/vec4 v0000022cea30bb40_0, 0, 1;
    %pushi/vec4 0, 0, 1;
    %store/vec4 v0000022cea30bfa0_0, 0, 1;
    %pushi/vec4 0, 0, 1;
    %store/vec4 v0000022cea30af60_0, 0, 1;
    %pushi/vec4 0, 0, 1;
    %store/vec4 v0000022cea30be60_0, 0, 1;
    %pushi/vec4 0, 0, 1;
    %store/vec4 v0000022cea30cc20_0, 0, 1;
    %pushi/vec4 0, 0, 1;
    %store/vec4 v0000022cea30c360_0, 0, 1;
    %jmp T_17.13;
T_17.2 ;
    %pushi/vec4 0, 0, 1;
    %store/vec4 v0000022cea30cb80_0, 0, 1;
    %pushi/vec4 0, 0, 1;
    %store/vec4 v0000022cea30c220_0, 0, 1;
    %pushi/vec4 0, 0, 1;
    %store/vec4 v0000022cea30c400_0, 0, 1;
    %pushi/vec4 0, 0, 1;
    %store/vec4 v0000022cea30bdc0_0, 0, 1;
    %pushi/vec4 0, 0, 1;
    %store/vec4 v0000022cea30ad80_0, 0, 1;
    %pushi/vec4 1, 0, 1;
    %store/vec4 v0000022cea30bb40_0, 0, 1;
    %pushi/vec4 0, 0, 1;
    %store/vec4 v0000022cea30bfa0_0, 0, 1;
    %pushi/vec4 0, 0, 1;
    %store/vec4 v0000022cea30af60_0, 0, 1;
    %pushi/vec4 0, 0, 1;
    %store/vec4 v0000022cea30be60_0, 0, 1;
    %pushi/vec4 0, 0, 1;
    %store/vec4 v0000022cea30cc20_0, 0, 1;
    %pushi/vec4 0, 0, 1;
    %store/vec4 v0000022cea30c360_0, 0, 1;
    %jmp T_17.13;
T_17.3 ;
    %pushi/vec4 0, 0, 1;
    %store/vec4 v0000022cea30cb80_0, 0, 1;
    %pushi/vec4 0, 0, 1;
    %store/vec4 v0000022cea30c220_0, 0, 1;
    %pushi/vec4 0, 0, 1;
    %store/vec4 v0000022cea30c400_0, 0, 1;
    %pushi/vec4 0, 0, 1;
    %store/vec4 v0000022cea30bdc0_0, 0, 1;
    %pushi/vec4 0, 0, 1;
    %store/vec4 v0000022cea30ad80_0, 0, 1;
    %pushi/vec4 0, 0, 1;
    %store/vec4 v0000022cea30bb40_0, 0, 1;
    %pushi/vec4 0, 0, 1;
    %store/vec4 v0000022cea30bfa0_0, 0, 1;
    %pushi/vec4 0, 0, 1;
    %store/vec4 v0000022cea30af60_0, 0, 1;
    %pushi/vec4 0, 0, 1;
    %store/vec4 v0000022cea30be60_0, 0, 1;
    %pushi/vec4 0, 0, 1;
    %store/vec4 v0000022cea30cc20_0, 0, 1;
    %pushi/vec4 0, 0, 1;
    %store/vec4 v0000022cea30c360_0, 0, 1;
    %jmp T_17.13;
T_17.4 ;
    %pushi/vec4 0, 0, 1;
    %store/vec4 v0000022cea30cb80_0, 0, 1;
    %pushi/vec4 0, 0, 1;
    %store/vec4 v0000022cea30c220_0, 0, 1;
    %pushi/vec4 0, 0, 1;
    %store/vec4 v0000022cea30c400_0, 0, 1;
    %pushi/vec4 0, 0, 1;
    %store/vec4 v0000022cea30bdc0_0, 0, 1;
    %pushi/vec4 0, 0, 1;
    %store/vec4 v0000022cea30ad80_0, 0, 1;
    %pushi/vec4 0, 0, 1;
    %store/vec4 v0000022cea30bb40_0, 0, 1;
    %pushi/vec4 0, 0, 1;
    %store/vec4 v0000022cea30bfa0_0, 0, 1;
    %pushi/vec4 0, 0, 1;
    %store/vec4 v0000022cea30af60_0, 0, 1;
    %pushi/vec4 0, 0, 1;
    %store/vec4 v0000022cea30be60_0, 0, 1;
    %pushi/vec4 1, 0, 1;
    %store/vec4 v0000022cea30cc20_0, 0, 1;
    %pushi/vec4 0, 0, 1;
    %store/vec4 v0000022cea30c360_0, 0, 1;
    %jmp T_17.13;
T_17.5 ;
    %pushi/vec4 0, 0, 1;
    %store/vec4 v0000022cea30cb80_0, 0, 1;
    %pushi/vec4 0, 0, 1;
    %store/vec4 v0000022cea30c220_0, 0, 1;
    %pushi/vec4 0, 0, 1;
    %store/vec4 v0000022cea30c400_0, 0, 1;
    %pushi/vec4 0, 0, 1;
    %store/vec4 v0000022cea30bdc0_0, 0, 1;
    %pushi/vec4 0, 0, 1;
    %store/vec4 v0000022cea30ad80_0, 0, 1;
    %pushi/vec4 0, 0, 1;
    %store/vec4 v0000022cea30bb40_0, 0, 1;
    %pushi/vec4 0, 0, 1;
    %store/vec4 v0000022cea30bfa0_0, 0, 1;
    %pushi/vec4 0, 0, 1;
    %store/vec4 v0000022cea30af60_0, 0, 1;
    %pushi/vec4 0, 0, 1;
    %store/vec4 v0000022cea30be60_0, 0, 1;
    %pushi/vec4 0, 0, 1;
    %store/vec4 v0000022cea30cc20_0, 0, 1;
    %pushi/vec4 0, 0, 1;
    %store/vec4 v0000022cea30c360_0, 0, 1;
    %jmp T_17.13;
T_17.6 ;
    %pushi/vec4 0, 0, 1;
    %store/vec4 v0000022cea30cb80_0, 0, 1;
    %pushi/vec4 0, 0, 1;
    %store/vec4 v0000022cea30c220_0, 0, 1;
    %pushi/vec4 0, 0, 1;
    %store/vec4 v0000022cea30c400_0, 0, 1;
    %pushi/vec4 1, 0, 1;
    %store/vec4 v0000022cea30bdc0_0, 0, 1;
    %pushi/vec4 1, 0, 1;
    %store/vec4 v0000022cea30ad80_0, 0, 1;
    %pushi/vec4 0, 0, 1;
    %store/vec4 v0000022cea30bb40_0, 0, 1;
    %pushi/vec4 0, 0, 1;
    %store/vec4 v0000022cea30bfa0_0, 0, 1;
    %pushi/vec4 1, 0, 1;
    %store/vec4 v0000022cea30af60_0, 0, 1;
    %pushi/vec4 0, 0, 1;
    %store/vec4 v0000022cea30be60_0, 0, 1;
    %pushi/vec4 0, 0, 1;
    %store/vec4 v0000022cea30c360_0, 0, 1;
    %jmp T_17.13;
T_17.7 ;
    %pushi/vec4 0, 0, 1;
    %store/vec4 v0000022cea30cb80_0, 0, 1;
    %pushi/vec4 0, 0, 1;
    %store/vec4 v0000022cea30c220_0, 0, 1;
    %pushi/vec4 0, 0, 1;
    %store/vec4 v0000022cea30c400_0, 0, 1;
    %pushi/vec4 1, 0, 1;
    %store/vec4 v0000022cea30bdc0_0, 0, 1;
    %pushi/vec4 1, 0, 1;
    %store/vec4 v0000022cea30ad80_0, 0, 1;
    %pushi/vec4 0, 0, 1;
    %store/vec4 v0000022cea30bb40_0, 0, 1;
    %pushi/vec4 0, 0, 1;
    %store/vec4 v0000022cea30bfa0_0, 0, 1;
    %pushi/vec4 0, 0, 1;
    %store/vec4 v0000022cea30af60_0, 0, 1;
    %pushi/vec4 0, 0, 1;
    %store/vec4 v0000022cea30be60_0, 0, 1;
    %pushi/vec4 0, 0, 1;
    %store/vec4 v0000022cea30c360_0, 0, 1;
    %jmp T_17.13;
T_17.8 ;
    %pushi/vec4 1, 0, 1;
    %store/vec4 v0000022cea30cb80_0, 0, 1;
    %pushi/vec4 0, 0, 1;
    %store/vec4 v0000022cea30c220_0, 0, 1;
    %pushi/vec4 0, 0, 1;
    %store/vec4 v0000022cea30c400_0, 0, 1;
    %pushi/vec4 0, 0, 1;
    %store/vec4 v0000022cea30bdc0_0, 0, 1;
    %pushi/vec4 0, 0, 1;
    %store/vec4 v0000022cea30ad80_0, 0, 1;
    %pushi/vec4 0, 0, 1;
    %store/vec4 v0000022cea30bb40_0, 0, 1;
    %pushi/vec4 0, 0, 1;
    %store/vec4 v0000022cea30bfa0_0, 0, 1;
    %pushi/vec4 0, 0, 1;
    %store/vec4 v0000022cea30af60_0, 0, 1;
    %pushi/vec4 0, 0, 1;
    %store/vec4 v0000022cea30be60_0, 0, 1;
    %pushi/vec4 0, 0, 1;
    %store/vec4 v0000022cea30c360_0, 0, 1;
    %jmp T_17.13;
T_17.9 ;
    %pushi/vec4 0, 0, 1;
    %store/vec4 v0000022cea30cb80_0, 0, 1;
    %pushi/vec4 0, 0, 1;
    %store/vec4 v0000022cea30c220_0, 0, 1;
    %pushi/vec4 0, 0, 1;
    %store/vec4 v0000022cea30c400_0, 0, 1;
    %pushi/vec4 0, 0, 1;
    %store/vec4 v0000022cea30bdc0_0, 0, 1;
    %pushi/vec4 0, 0, 1;
    %store/vec4 v0000022cea30ad80_0, 0, 1;
    %pushi/vec4 0, 0, 1;
    %store/vec4 v0000022cea30bb40_0, 0, 1;
    %pushi/vec4 0, 0, 1;
    %store/vec4 v0000022cea30bfa0_0, 0, 1;
    %pushi/vec4 0, 0, 1;
    %store/vec4 v0000022cea30af60_0, 0, 1;
    %pushi/vec4 0, 0, 1;
    %store/vec4 v0000022cea30be60_0, 0, 1;
    %pushi/vec4 0, 0, 1;
    %store/vec4 v0000022cea30c360_0, 0, 1;
    %jmp T_17.13;
T_17.10 ;
    %pushi/vec4 0, 0, 1;
    %store/vec4 v0000022cea30cb80_0, 0, 1;
    %pushi/vec4 0, 0, 1;
    %store/vec4 v0000022cea30c220_0, 0, 1;
    %pushi/vec4 0, 0, 1;
    %store/vec4 v0000022cea30c400_0, 0, 1;
    %pushi/vec4 0, 0, 1;
    %store/vec4 v0000022cea30bdc0_0, 0, 1;
    %pushi/vec4 0, 0, 1;
    %store/vec4 v0000022cea30ad80_0, 0, 1;
    %pushi/vec4 0, 0, 1;
    %store/vec4 v0000022cea30bb40_0, 0, 1;
    %pushi/vec4 1, 0, 1;
    %store/vec4 v0000022cea30bfa0_0, 0, 1;
    %pushi/vec4 0, 0, 1;
    %store/vec4 v0000022cea30af60_0, 0, 1;
    %pushi/vec4 1, 0, 1;
    %store/vec4 v0000022cea30be60_0, 0, 1;
    %pushi/vec4 1, 0, 1;
    %store/vec4 v0000022cea30cc20_0, 0, 1;
    %pushi/vec4 0, 0, 1;
    %store/vec4 v0000022cea30c360_0, 0, 1;
    %jmp T_17.13;
T_17.11 ;
    %pushi/vec4 0, 0, 1;
    %store/vec4 v0000022cea30cb80_0, 0, 1;
    %pushi/vec4 0, 0, 1;
    %store/vec4 v0000022cea30c220_0, 0, 1;
    %pushi/vec4 0, 0, 1;
    %store/vec4 v0000022cea30c400_0, 0, 1;
    %pushi/vec4 0, 0, 1;
    %store/vec4 v0000022cea30bdc0_0, 0, 1;
    %pushi/vec4 0, 0, 1;
    %store/vec4 v0000022cea30ad80_0, 0, 1;
    %pushi/vec4 0, 0, 1;
    %store/vec4 v0000022cea30bb40_0, 0, 1;
    %pushi/vec4 0, 0, 1;
    %store/vec4 v0000022cea30af60_0, 0, 1;
    %pushi/vec4 1, 0, 1;
    %store/vec4 v0000022cea30be60_0, 0, 1;
    %pushi/vec4 1, 0, 1;
    %store/vec4 v0000022cea30c360_0, 0, 1;
    %jmp T_17.13;
T_17.13 ;
    %pop/vec4 1;
    %jmp T_17;
    .thread T_17, $push;
    .scope S_0000022cea31a840;
T_18 ;
    %delay 5000, 0;
    %load/vec4 v0000022cea3498a0_0;
    %inv;
    %store/vec4 v0000022cea3498a0_0, 0, 1;
    %jmp T_18;
    .thread T_18;
    .scope S_0000022cea31a840;
T_19 ;
    %vpi_call 2 37 "$dumpfile", "division_4bit_tb.vcd" {0 0 0};
    %vpi_call 2 38 "$dumpvars" {0 0 0};
    %pushi/vec4 0, 0, 1;
    %store/vec4 v0000022cea3498a0_0, 0, 1;
    %pushi/vec4 1, 0, 1;
    %store/vec4 v0000022cea34a3e0_0, 0, 1;
    %pushi/vec4 0, 0, 1;
    %store/vec4 v0000022cea34a5c0_0, 0, 1;
    %pushi/vec4 0, 0, 16;
    %store/vec4 v0000022cea349940_0, 0, 16;
    %pushi/vec4 0, 0, 16;
    %store/vec4 v0000022cea349c60_0, 0, 16;
    %delay 10000, 0;
    %pushi/vec4 0, 0, 1;
    %store/vec4 v0000022cea34a3e0_0, 0, 1;
    %delay 10000, 0;
    %pushi/vec4 1, 0, 1;
    %store/vec4 v0000022cea34a3e0_0, 0, 1;
    %delay 10000, 0;
    %pushi/vec4 0, 0, 1;
    %store/vec4 v0000022cea34a3e0_0, 0, 1;
    %pushi/vec4 15, 0, 16;
    %store/vec4 v0000022cea349940_0, 0, 16;
    %pushi/vec4 15, 0, 16;
    %store/vec4 v0000022cea349c60_0, 0, 16;
    %pushi/vec4 1, 0, 1;
    %store/vec4 v0000022cea34a5c0_0, 0, 1;
    %delay 20000, 0;
    %pushi/vec4 0, 0, 1;
    %store/vec4 v0000022cea34a5c0_0, 0, 1;
    %delay 5000000, 0;
    %delay 10000, 0;
    %pushi/vec4 1, 0, 1;
    %store/vec4 v0000022cea34a3e0_0, 0, 1;
    %delay 10000, 0;
    %pushi/vec4 0, 0, 1;
    %store/vec4 v0000022cea34a3e0_0, 0, 1;
    %pushi/vec4 7, 0, 16;
    %store/vec4 v0000022cea349940_0, 0, 16;
    %pushi/vec4 2, 0, 16;
    %store/vec4 v0000022cea349c60_0, 0, 16;
    %pushi/vec4 1, 0, 1;
    %store/vec4 v0000022cea34a5c0_0, 0, 1;
    %delay 20000, 0;
    %pushi/vec4 0, 0, 1;
    %store/vec4 v0000022cea34a5c0_0, 0, 1;
    %delay 5000000, 0;
    %delay 10000, 0;
    %pushi/vec4 1, 0, 1;
    %store/vec4 v0000022cea34a3e0_0, 0, 1;
    %delay 10000, 0;
    %pushi/vec4 0, 0, 1;
    %store/vec4 v0000022cea34a3e0_0, 0, 1;
    %pushi/vec4 15, 0, 16;
    %store/vec4 v0000022cea349940_0, 0, 16;
    %pushi/vec4 4, 0, 16;
    %store/vec4 v0000022cea349c60_0, 0, 16;
    %pushi/vec4 1, 0, 1;
    %store/vec4 v0000022cea34a5c0_0, 0, 1;
    %delay 20000, 0;
    %pushi/vec4 0, 0, 1;
    %store/vec4 v0000022cea34a5c0_0, 0, 1;
    %delay 5000000, 0;
    %delay 10000, 0;
    %pushi/vec4 1, 0, 1;
    %store/vec4 v0000022cea34a3e0_0, 0, 1;
    %delay 10000, 0;
    %pushi/vec4 0, 0, 1;
    %store/vec4 v0000022cea34a3e0_0, 0, 1;
    %pushi/vec4 9, 0, 16;
    %store/vec4 v0000022cea349940_0, 0, 16;
    %pushi/vec4 2, 0, 16;
    %store/vec4 v0000022cea349c60_0, 0, 16;
    %pushi/vec4 1, 0, 1;
    %store/vec4 v0000022cea34a5c0_0, 0, 1;
    %delay 20000, 0;
    %pushi/vec4 0, 0, 1;
    %store/vec4 v0000022cea34a5c0_0, 0, 1;
    %delay 5000000, 0;
    %delay 10000, 0;
    %pushi/vec4 1, 0, 1;
    %store/vec4 v0000022cea34a3e0_0, 0, 1;
    %delay 10000, 0;
    %pushi/vec4 0, 0, 1;
    %store/vec4 v0000022cea34a3e0_0, 0, 1;
    %pushi/vec4 8, 0, 16;
    %store/vec4 v0000022cea349940_0, 0, 16;
    %pushi/vec4 3, 0, 16;
    %store/vec4 v0000022cea349c60_0, 0, 16;
    %pushi/vec4 1, 0, 1;
    %store/vec4 v0000022cea34a5c0_0, 0, 1;
    %delay 20000, 0;
    %pushi/vec4 0, 0, 1;
    %store/vec4 v0000022cea34a5c0_0, 0, 1;
    %delay 5000000, 0;
    %delay 10000, 0;
    %pushi/vec4 1, 0, 1;
    %store/vec4 v0000022cea34a3e0_0, 0, 1;
    %delay 10000, 0;
    %pushi/vec4 0, 0, 1;
    %store/vec4 v0000022cea34a3e0_0, 0, 1;
    %pushi/vec4 15, 0, 16;
    %store/vec4 v0000022cea349940_0, 0, 16;
    %pushi/vec4 15, 0, 16;
    %store/vec4 v0000022cea349c60_0, 0, 16;
    %pushi/vec4 1, 0, 1;
    %store/vec4 v0000022cea34a5c0_0, 0, 1;
    %delay 20000, 0;
    %pushi/vec4 0, 0, 1;
    %store/vec4 v0000022cea34a5c0_0, 0, 1;
    %delay 5000000, 0;
    %delay 10000, 0;
    %pushi/vec4 1, 0, 1;
    %store/vec4 v0000022cea34a3e0_0, 0, 1;
    %delay 10000, 0;
    %pushi/vec4 0, 0, 1;
    %store/vec4 v0000022cea34a3e0_0, 0, 1;
    %pushi/vec4 6, 0, 16;
    %store/vec4 v0000022cea349940_0, 0, 16;
    %pushi/vec4 15, 0, 16;
    %store/vec4 v0000022cea349c60_0, 0, 16;
    %pushi/vec4 1, 0, 1;
    %store/vec4 v0000022cea34a5c0_0, 0, 1;
    %delay 20000, 0;
    %pushi/vec4 0, 0, 1;
    %store/vec4 v0000022cea34a5c0_0, 0, 1;
    %delay 5000000, 0;
    %delay 10000, 0;
    %pushi/vec4 1, 0, 1;
    %store/vec4 v0000022cea34a3e0_0, 0, 1;
    %delay 10000, 0;
    %pushi/vec4 0, 0, 1;
    %store/vec4 v0000022cea34a3e0_0, 0, 1;
    %pushi/vec4 12, 0, 16;
    %store/vec4 v0000022cea349940_0, 0, 16;
    %pushi/vec4 15, 0, 16;
    %store/vec4 v0000022cea349c60_0, 0, 16;
    %pushi/vec4 1, 0, 1;
    %store/vec4 v0000022cea34a5c0_0, 0, 1;
    %delay 20000, 0;
    %pushi/vec4 0, 0, 1;
    %store/vec4 v0000022cea34a5c0_0, 0, 1;
    %delay 5000000, 0;
    %delay 10000, 0;
    %pushi/vec4 1, 0, 1;
    %store/vec4 v0000022cea34a3e0_0, 0, 1;
    %delay 10000, 0;
    %pushi/vec4 0, 0, 1;
    %store/vec4 v0000022cea34a3e0_0, 0, 1;
    %pushi/vec4 3219, 0, 16;
    %store/vec4 v0000022cea349940_0, 0, 16;
    %pushi/vec4 2017, 0, 16;
    %store/vec4 v0000022cea349c60_0, 0, 16;
    %pushi/vec4 1, 0, 1;
    %store/vec4 v0000022cea34a5c0_0, 0, 1;
    %delay 20000, 0;
    %pushi/vec4 0, 0, 1;
    %store/vec4 v0000022cea34a5c0_0, 0, 1;
    %delay 5000000, 0;
    %delay 10000, 0;
    %pushi/vec4 1, 0, 1;
    %store/vec4 v0000022cea34a3e0_0, 0, 1;
    %delay 10000, 0;
    %pushi/vec4 0, 0, 1;
    %store/vec4 v0000022cea34a3e0_0, 0, 1;
    %pushi/vec4 3219, 0, 16;
    %store/vec4 v0000022cea349940_0, 0, 16;
    %pushi/vec4 7, 0, 16;
    %store/vec4 v0000022cea349c60_0, 0, 16;
    %pushi/vec4 1, 0, 1;
    %store/vec4 v0000022cea34a5c0_0, 0, 1;
    %delay 20000, 0;
    %pushi/vec4 0, 0, 1;
    %store/vec4 v0000022cea34a5c0_0, 0, 1;
    %delay 5000000, 0;
    %vpi_call 2 132 "$finish" {0 0 0};
    %end;
    .thread T_19;
    .scope S_0000022cea301280;
T_20 ;
    %wait E_0000022cea314ac0;
    %pushi/vec4 14, 0, 4;
    %assign/vec4 v0000022cea34c5d0_0, 0;
    %jmp T_20;
    .thread T_20;
    .scope S_0000022cea301280;
T_21 ;
    %wait E_0000022cea314840;
    %load/vec4 v0000022cea34c670_0;
    %dup/vec4;
    %pushi/vec4 0, 0, 4;
    %cmp/u;
    %jmp/1 T_21.0, 6;
    %dup/vec4;
    %pushi/vec4 1, 0, 4;
    %cmp/u;
    %jmp/1 T_21.1, 6;
    %dup/vec4;
    %pushi/vec4 2, 0, 4;
    %cmp/u;
    %jmp/1 T_21.2, 6;
    %dup/vec4;
    %pushi/vec4 3, 0, 4;
    %cmp/u;
    %jmp/1 T_21.3, 6;
    %dup/vec4;
    %pushi/vec4 4, 0, 4;
    %cmp/u;
    %jmp/1 T_21.4, 6;
    %dup/vec4;
    %pushi/vec4 5, 0, 4;
    %cmp/u;
    %jmp/1 T_21.5, 6;
    %dup/vec4;
    %pushi/vec4 6, 0, 4;
    %cmp/u;
    %jmp/1 T_21.6, 6;
    %dup/vec4;
    %pushi/vec4 7, 0, 4;
    %cmp/u;
    %jmp/1 T_21.7, 6;
    %dup/vec4;
    %pushi/vec4 8, 0, 4;
    %cmp/u;
    %jmp/1 T_21.8, 6;
    %dup/vec4;
    %pushi/vec4 9, 0, 4;
    %cmp/u;
    %jmp/1 T_21.9, 6;
    %dup/vec4;
    %pushi/vec4 10, 0, 4;
    %cmp/u;
    %jmp/1 T_21.10, 6;
    %dup/vec4;
    %pushi/vec4 11, 0, 4;
    %cmp/u;
    %jmp/1 T_21.11, 6;
    %dup/vec4;
    %pushi/vec4 12, 0, 4;
    %cmp/u;
    %jmp/1 T_21.12, 6;
    %dup/vec4;
    %pushi/vec4 13, 0, 4;
    %cmp/u;
    %jmp/1 T_21.13, 6;
    %dup/vec4;
    %pushi/vec4 14, 0, 4;
    %cmp/u;
    %jmp/1 T_21.14, 6;
    %dup/vec4;
    %pushi/vec4 15, 0, 4;
    %cmp/u;
    %jmp/1 T_21.15, 6;
    %pushi/vec4 0, 0, 7;
    %store/vec4 v0000022cea34c710_0, 0, 7;
    %jmp T_21.17;
T_21.0 ;
    %pushi/vec4 1, 0, 7;
    %store/vec4 v0000022cea34c710_0, 0, 7;
    %jmp T_21.17;
T_21.1 ;
    %pushi/vec4 79, 0, 7;
    %store/vec4 v0000022cea34c710_0, 0, 7;
    %jmp T_21.17;
T_21.2 ;
    %pushi/vec4 18, 0, 7;
    %store/vec4 v0000022cea34c710_0, 0, 7;
    %jmp T_21.17;
T_21.3 ;
    %pushi/vec4 6, 0, 7;
    %store/vec4 v0000022cea34c710_0, 0, 7;
    %jmp T_21.17;
T_21.4 ;
    %pushi/vec4 76, 0, 7;
    %store/vec4 v0000022cea34c710_0, 0, 7;
    %jmp T_21.17;
T_21.5 ;
    %pushi/vec4 36, 0, 7;
    %store/vec4 v0000022cea34c710_0, 0, 7;
    %jmp T_21.17;
T_21.6 ;
    %pushi/vec4 32, 0, 7;
    %store/vec4 v0000022cea34c710_0, 0, 7;
    %jmp T_21.17;
T_21.7 ;
    %pushi/vec4 15, 0, 7;
    %store/vec4 v0000022cea34c710_0, 0, 7;
    %jmp T_21.17;
T_21.8 ;
    %pushi/vec4 0, 0, 7;
    %store/vec4 v0000022cea34c710_0, 0, 7;
    %jmp T_21.17;
T_21.9 ;
    %pushi/vec4 12, 0, 7;
    %store/vec4 v0000022cea34c710_0, 0, 7;
    %jmp T_21.17;
T_21.10 ;
    %pushi/vec4 8, 0, 7;
    %store/vec4 v0000022cea34c710_0, 0, 7;
    %jmp T_21.17;
T_21.11 ;
    %pushi/vec4 96, 0, 7;
    %store/vec4 v0000022cea34c710_0, 0, 7;
    %jmp T_21.17;
T_21.12 ;
    %pushi/vec4 49, 0, 7;
    %store/vec4 v0000022cea34c710_0, 0, 7;
    %jmp T_21.17;
T_21.13 ;
    %pushi/vec4 66, 0, 7;
    %store/vec4 v0000022cea34c710_0, 0, 7;
    %jmp T_21.17;
T_21.14 ;
    %pushi/vec4 16, 0, 7;
    %store/vec4 v0000022cea34c710_0, 0, 7;
    %jmp T_21.17;
T_21.15 ;
    %pushi/vec4 56, 0, 7;
    %store/vec4 v0000022cea34c710_0, 0, 7;
    %jmp T_21.17;
T_21.17 ;
    %pop/vec4 1;
    %jmp T_21;
    .thread T_21, $push;
# The file index is used to find the file name in the following table.
:file_names 18;
    "N/A";
    "<interactive>";
    "division_tb.v";
    "./non_restoring_division_topmodule.v";
    "./non_restoring_division_controlpath.v";
    "./non_restoring_division_datapath.v";
    "./register_a.v";
    "./register_q.v";
    "./adder.v";
    "./comparator.v";
    "./comparator_1bit.v";
    "./counter.v";
    "./mux_2x1.v";
    "./mux_2x1_16bit.v";
    "./shift_register_a.v";
    "./shift_register_q.v";
    "./subtractor.v";
    "./lcd_module.v";
