#! /c/Source/iverilog-install/bin/vvp
:ivl_version "12.0 (devel)" "(s20150603-1539-g2693dd32b)";
:ivl_delay_selection "TYPICAL";
:vpi_time_precision - 12;
:vpi_module "C:\iverilog\lib\ivl\system.vpi";
:vpi_module "C:\iverilog\lib\ivl\vhdl_sys.vpi";
:vpi_module "C:\iverilog\lib\ivl\vhdl_textio.vpi";
:vpi_module "C:\iverilog\lib\ivl\v2005_math.vpi";
:vpi_module "C:\iverilog\lib\ivl\va_math.vpi";
S_000001422b3a6bb0 .scope module, "mux_2x1" "mux_2x1" 2 2;
 .timescale -9 -12;
    .port_info 0 /INPUT 1 "select";
    .port_info 1 /INPUT 16 "A";
    .port_info 2 /INPUT 16 "B";
    .port_info 3 /OUTPUT 16 "out";
o000001422b3f6fd8 .functor BUFZ 16, C4<zzzzzzzzzzzzzzzz>; HiZ drive
v000001422b3a7490_0 .net "A", 15 0, o000001422b3f6fd8;  0 drivers
o000001422b3f7008 .functor BUFZ 16, C4<zzzzzzzzzzzzzzzz>; HiZ drive
v000001422b3a7100_0 .net "B", 15 0, o000001422b3f7008;  0 drivers
v000001422b3a6d40_0 .var "out", 15 0;
o000001422b3f7068 .functor BUFZ 1, C4<z>; HiZ drive
v000001422b3a6de0_0 .net "select", 0 0, o000001422b3f7068;  0 drivers
E_000001422b3f5180 .event anyedge, v000001422b3a7100_0, v000001422b3a7490_0, v000001422b3a6de0_0;
    .scope S_000001422b3a6bb0;
T_0 ;
    %wait E_000001422b3f5180;
    %load/vec4 v000001422b3a6de0_0;
    %flag_set/vec4 8;
    %jmp/0xz  T_0.0, 8;
    %load/vec4 v000001422b3a7490_0;
    %store/vec4 v000001422b3a6d40_0, 0, 16;
    %jmp T_0.1;
T_0.0 ;
    %load/vec4 v000001422b3a7100_0;
    %store/vec4 v000001422b3a6d40_0, 0, 16;
T_0.1 ;
    %jmp T_0;
    .thread T_0, $push;
# The file index is used to find the file name in the following table.
:file_names 3;
    "N/A";
    "<interactive>";
    "mux_2x1_16bit.v";
