#! /c/Source/iverilog-install/bin/vvp
:ivl_version "12.0 (devel)" "(s20150603-1539-g2693dd32b)";
:ivl_delay_selection "TYPICAL";
:vpi_time_precision - 12;
:vpi_module "C:\iverilog\lib\ivl\system.vpi";
:vpi_module "C:\iverilog\lib\ivl\vhdl_sys.vpi";
:vpi_module "C:\iverilog\lib\ivl\vhdl_textio.vpi";
:vpi_module "C:\iverilog\lib\ivl\v2005_math.vpi";
:vpi_module "C:\iverilog\lib\ivl\va_math.vpi";
S_00000175d3a52830 .scope module, "non_restoring_division_control_path" "non_restoring_division_control_path" 2 2;
 .timescale -9 -12;
    .port_info 0 /INPUT 1 "clk";
    .port_info 1 /INPUT 1 "rst";
    .port_info 2 /INPUT 1 "start";
    .port_info 3 /INPUT 1 "negative_flag";
    .port_info 4 /INPUT 2 "count";
    .port_info 5 /INPUT 1 "status";
    .port_info 6 /OUTPUT 1 "select_A";
    .port_info 7 /OUTPUT 1 "select_Q";
    .port_info 8 /OUTPUT 1 "ld_A";
    .port_info 9 /OUTPUT 1 "ld_Q";
    .port_info 10 /OUTPUT 1 "shift_left_enable_a";
    .port_info 11 /OUTPUT 1 "select_add";
    .port_info 12 /OUTPUT 1 "select_mux_2";
    .port_info 13 /OUTPUT 1 "shift_left_enable_q";
    .port_info 14 /OUTPUT 1 "count_enable";
    .port_info 15 /OUTPUT 1 "ld_rem_quotient";
    .port_info 16 /OUTPUT 1 "done";
P_00000175d3a819d0 .param/l "adder" 0 2 29, C4<0101>;
P_00000175d3a81a08 .param/l "check" 0 2 34, C4<1010>;
P_00000175d3a81a40 .param/l "correct" 0 2 35, C4<1011>;
P_00000175d3a81a78 .param/l "display" 0 2 36, C4<1100>;
P_00000175d3a81ab0 .param/l "idle" 0 2 24, C4<0000>;
P_00000175d3a81ae8 .param/l "iter" 0 2 33, C4<1001>;
P_00000175d3a81b20 .param/l "load" 0 2 25, C4<0001>;
P_00000175d3a81b58 .param/l "load_wait" 0 2 26, C4<0010>;
P_00000175d3a81b90 .param/l "shift_a" 0 2 27, C4<0011>;
P_00000175d3a81bc8 .param/l "shift_q" 0 2 31, C4<0111>;
P_00000175d3a81c00 .param/l "subtractor" 0 2 30, C4<0110>;
P_00000175d3a81c38 .param/l "wait_a" 0 2 28, C4<0100>;
P_00000175d3a81c70 .param/l "wait_q" 0 2 32, C4<1000>;
o00000175d3aa9fa8 .functor BUFZ 1, C4<z>; HiZ drive
v00000175d3a529c0_0 .net "clk", 0 0, o00000175d3aa9fa8;  0 drivers
o00000175d3aa9fd8 .functor BUFZ 2, C4<zz>; HiZ drive
v00000175d3a52a60_0 .net "count", 1 0, o00000175d3aa9fd8;  0 drivers
v00000175d3a52b00_0 .var "count_enable", 0 0;
v00000175d3a844d0_0 .var "done", 0 0;
v00000175d3a84570_0 .var "ld_A", 0 0;
v00000175d3a84610_0 .var "ld_Q", 0 0;
v00000175d3a846b0_0 .var "ld_rem_quotient", 0 0;
o00000175d3aaa0f8 .functor BUFZ 1, C4<z>; HiZ drive
v00000175d3a84750_0 .net "negative_flag", 0 0, o00000175d3aaa0f8;  0 drivers
v00000175d3a847f0_0 .var "next_state", 3 0;
v00000175d3afa890_0 .var "present_state", 3 0;
o00000175d3aaa188 .functor BUFZ 1, C4<z>; HiZ drive
v00000175d3afa930_0 .net "rst", 0 0, o00000175d3aaa188;  0 drivers
v00000175d3afa9d0_0 .var "select_A", 0 0;
v00000175d3afae80_0 .var "select_Q", 0 0;
v00000175d3afade0_0 .var "select_add", 0 0;
v00000175d3afaf20_0 .var "select_mux_2", 0 0;
v00000175d3afafc0_0 .var "shift_left_enable_a", 0 0;
v00000175d3afaca0_0 .var "shift_left_enable_q", 0 0;
o00000175d3aaa2d8 .functor BUFZ 1, C4<z>; HiZ drive
v00000175d3afab60_0 .net "start", 0 0, o00000175d3aaa2d8;  0 drivers
o00000175d3aaa308 .functor BUFZ 1, C4<z>; HiZ drive
v00000175d3afac00_0 .net "status", 0 0, o00000175d3aaa308;  0 drivers
E_00000175d3a7f350 .event anyedge, v00000175d3afa890_0;
E_00000175d3a7ee10 .event anyedge, v00000175d3afab60_0, v00000175d3afa890_0;
E_00000175d3a7f410 .event posedge, v00000175d3afa930_0, v00000175d3a529c0_0;
    .scope S_00000175d3a52830;
T_0 ;
    %wait E_00000175d3a7f410;
    %load/vec4 v00000175d3afa930_0;
    %flag_set/vec4 8;
    %jmp/0xz  T_0.0, 8;
    %pushi/vec4 0, 0, 1;
    %assign/vec4 v00000175d3afa9d0_0, 0;
    %pushi/vec4 0, 0, 1;
    %assign/vec4 v00000175d3afae80_0, 0;
    %pushi/vec4 0, 0, 1;
    %assign/vec4 v00000175d3a84570_0, 0;
    %pushi/vec4 0, 0, 1;
    %assign/vec4 v00000175d3a84610_0, 0;
    %pushi/vec4 0, 0, 1;
    %assign/vec4 v00000175d3afafc0_0, 0;
    %pushi/vec4 0, 0, 1;
    %assign/vec4 v00000175d3afade0_0, 0;
    %pushi/vec4 0, 0, 1;
    %assign/vec4 v00000175d3afaf20_0, 0;
    %pushi/vec4 0, 0, 1;
    %assign/vec4 v00000175d3afaca0_0, 0;
    %pushi/vec4 0, 0, 1;
    %assign/vec4 v00000175d3a52b00_0, 0;
    %pushi/vec4 0, 0, 1;
    %assign/vec4 v00000175d3a846b0_0, 0;
    %pushi/vec4 0, 0, 4;
    %assign/vec4 v00000175d3afa890_0, 0;
    %jmp T_0.1;
T_0.0 ;
    %load/vec4 v00000175d3a847f0_0;
    %assign/vec4 v00000175d3afa890_0, 0;
T_0.1 ;
    %jmp T_0;
    .thread T_0;
    .scope S_00000175d3a52830;
T_1 ;
    %wait E_00000175d3a7ee10;
    %load/vec4 v00000175d3afa890_0;
    %dup/vec4;
    %pushi/vec4 0, 0, 4;
    %cmp/u;
    %jmp/1 T_1.0, 6;
    %dup/vec4;
    %pushi/vec4 1, 0, 4;
    %cmp/u;
    %jmp/1 T_1.1, 6;
    %dup/vec4;
    %pushi/vec4 3, 0, 4;
    %cmp/u;
    %jmp/1 T_1.2, 6;
    %dup/vec4;
    %pushi/vec4 4, 0, 4;
    %cmp/u;
    %jmp/1 T_1.3, 6;
    %dup/vec4;
    %pushi/vec4 5, 0, 4;
    %cmp/u;
    %jmp/1 T_1.4, 6;
    %dup/vec4;
    %pushi/vec4 6, 0, 4;
    %cmp/u;
    %jmp/1 T_1.5, 6;
    %dup/vec4;
    %pushi/vec4 7, 0, 4;
    %cmp/u;
    %jmp/1 T_1.6, 6;
    %dup/vec4;
    %pushi/vec4 8, 0, 4;
    %cmp/u;
    %jmp/1 T_1.7, 6;
    %dup/vec4;
    %pushi/vec4 9, 0, 4;
    %cmp/u;
    %jmp/1 T_1.8, 6;
    %dup/vec4;
    %pushi/vec4 10, 0, 4;
    %cmp/u;
    %jmp/1 T_1.9, 6;
    %dup/vec4;
    %pushi/vec4 11, 0, 4;
    %cmp/u;
    %jmp/1 T_1.10, 6;
    %dup/vec4;
    %pushi/vec4 12, 0, 4;
    %cmp/u;
    %jmp/1 T_1.11, 6;
    %pushi/vec4 0, 0, 4;
    %store/vec4 v00000175d3a847f0_0, 0, 4;
    %jmp T_1.13;
T_1.0 ;
    %load/vec4 v00000175d3afab60_0;
    %cmpi/e 1, 0, 1;
    %flag_mov 8, 4;
    %jmp/0 T_1.14, 8;
    %pushi/vec4 1, 0, 4;
    %jmp/1 T_1.15, 8;
T_1.14 ; End of true expr.
    %pushi/vec4 0, 0, 4;
    %jmp/0 T_1.15, 8;
 ; End of false expr.
    %blend;
T_1.15;
    %store/vec4 v00000175d3a847f0_0, 0, 4;
    %jmp T_1.13;
T_1.1 ;
    %pushi/vec4 3, 0, 4;
    %store/vec4 v00000175d3a847f0_0, 0, 4;
    %jmp T_1.13;
T_1.2 ;
    %pushi/vec4 4, 0, 4;
    %store/vec4 v00000175d3a847f0_0, 0, 4;
    %jmp T_1.13;
T_1.3 ;
    %load/vec4 v00000175d3a84750_0;
    %cmpi/e 1, 0, 1;
    %flag_mov 8, 4;
    %jmp/0 T_1.16, 8;
    %pushi/vec4 5, 0, 4;
    %jmp/1 T_1.17, 8;
T_1.16 ; End of true expr.
    %pushi/vec4 6, 0, 4;
    %jmp/0 T_1.17, 8;
 ; End of false expr.
    %blend;
T_1.17;
    %store/vec4 v00000175d3a847f0_0, 0, 4;
    %jmp T_1.13;
T_1.4 ;
    %pushi/vec4 7, 0, 4;
    %store/vec4 v00000175d3a847f0_0, 0, 4;
    %jmp T_1.13;
T_1.5 ;
    %pushi/vec4 7, 0, 4;
    %store/vec4 v00000175d3a847f0_0, 0, 4;
    %jmp T_1.13;
T_1.6 ;
    %pushi/vec4 8, 0, 4;
    %store/vec4 v00000175d3a847f0_0, 0, 4;
    %jmp T_1.13;
T_1.7 ;
    %load/vec4 v00000175d3afac00_0;
    %cmpi/e 1, 0, 1;
    %flag_mov 8, 4;
    %jmp/0 T_1.18, 8;
    %pushi/vec4 10, 0, 4;
    %jmp/1 T_1.19, 8;
T_1.18 ; End of true expr.
    %pushi/vec4 9, 0, 4;
    %jmp/0 T_1.19, 8;
 ; End of false expr.
    %blend;
T_1.19;
    %store/vec4 v00000175d3a847f0_0, 0, 4;
    %jmp T_1.13;
T_1.8 ;
    %pushi/vec4 3, 0, 4;
    %store/vec4 v00000175d3a847f0_0, 0, 4;
    %jmp T_1.13;
T_1.9 ;
    %load/vec4 v00000175d3a84750_0;
    %cmpi/e 1, 0, 1;
    %flag_mov 8, 4;
    %jmp/0 T_1.20, 8;
    %pushi/vec4 11, 0, 4;
    %jmp/1 T_1.21, 8;
T_1.20 ; End of true expr.
    %pushi/vec4 12, 0, 4;
    %jmp/0 T_1.21, 8;
 ; End of false expr.
    %blend;
T_1.21;
    %store/vec4 v00000175d3a847f0_0, 0, 4;
    %jmp T_1.13;
T_1.10 ;
    %pushi/vec4 12, 0, 4;
    %store/vec4 v00000175d3a847f0_0, 0, 4;
    %jmp T_1.13;
T_1.11 ;
    %pushi/vec4 0, 0, 4;
    %store/vec4 v00000175d3a847f0_0, 0, 4;
    %jmp T_1.13;
T_1.13 ;
    %pop/vec4 1;
    %jmp T_1;
    .thread T_1, $push;
    .scope S_00000175d3a52830;
T_2 ;
    %wait E_00000175d3a7f350;
    %load/vec4 v00000175d3afa890_0;
    %dup/vec4;
    %pushi/vec4 0, 0, 4;
    %cmp/u;
    %jmp/1 T_2.0, 6;
    %dup/vec4;
    %pushi/vec4 1, 0, 4;
    %cmp/u;
    %jmp/1 T_2.1, 6;
    %dup/vec4;
    %pushi/vec4 3, 0, 4;
    %cmp/u;
    %jmp/1 T_2.2, 6;
    %dup/vec4;
    %pushi/vec4 4, 0, 4;
    %cmp/u;
    %jmp/1 T_2.3, 6;
    %dup/vec4;
    %pushi/vec4 5, 0, 4;
    %cmp/u;
    %jmp/1 T_2.4, 6;
    %dup/vec4;
    %pushi/vec4 6, 0, 4;
    %cmp/u;
    %jmp/1 T_2.5, 6;
    %dup/vec4;
    %pushi/vec4 7, 0, 4;
    %cmp/u;
    %jmp/1 T_2.6, 6;
    %dup/vec4;
    %pushi/vec4 8, 0, 4;
    %cmp/u;
    %jmp/1 T_2.7, 6;
    %dup/vec4;
    %pushi/vec4 9, 0, 4;
    %cmp/u;
    %jmp/1 T_2.8, 6;
    %dup/vec4;
    %pushi/vec4 10, 0, 4;
    %cmp/u;
    %jmp/1 T_2.9, 6;
    %dup/vec4;
    %pushi/vec4 11, 0, 4;
    %cmp/u;
    %jmp/1 T_2.10, 6;
    %dup/vec4;
    %pushi/vec4 12, 0, 4;
    %cmp/u;
    %jmp/1 T_2.11, 6;
    %pushi/vec4 0, 0, 1;
    %store/vec4 v00000175d3a52b00_0, 0, 1;
    %pushi/vec4 0, 0, 1;
    %store/vec4 v00000175d3afa9d0_0, 0, 1;
    %pushi/vec4 0, 0, 1;
    %store/vec4 v00000175d3afae80_0, 0, 1;
    %pushi/vec4 0, 0, 1;
    %store/vec4 v00000175d3a84570_0, 0, 1;
    %pushi/vec4 0, 0, 1;
    %store/vec4 v00000175d3a84610_0, 0, 1;
    %pushi/vec4 0, 0, 1;
    %store/vec4 v00000175d3afafc0_0, 0, 1;
    %pushi/vec4 0, 0, 1;
    %store/vec4 v00000175d3afade0_0, 0, 1;
    %pushi/vec4 0, 0, 1;
    %store/vec4 v00000175d3afaca0_0, 0, 1;
    %pushi/vec4 0, 0, 1;
    %store/vec4 v00000175d3a846b0_0, 0, 1;
    %pushi/vec4 0, 0, 1;
    %store/vec4 v00000175d3afaf20_0, 0, 1;
    %jmp T_2.13;
T_2.0 ;
    %pushi/vec4 0, 0, 1;
    %store/vec4 v00000175d3a52b00_0, 0, 1;
    %pushi/vec4 0, 0, 1;
    %store/vec4 v00000175d3afa9d0_0, 0, 1;
    %pushi/vec4 0, 0, 1;
    %store/vec4 v00000175d3afae80_0, 0, 1;
    %pushi/vec4 0, 0, 1;
    %store/vec4 v00000175d3a84570_0, 0, 1;
    %pushi/vec4 0, 0, 1;
    %store/vec4 v00000175d3a84610_0, 0, 1;
    %pushi/vec4 0, 0, 1;
    %store/vec4 v00000175d3afafc0_0, 0, 1;
    %pushi/vec4 0, 0, 1;
    %store/vec4 v00000175d3afade0_0, 0, 1;
    %pushi/vec4 0, 0, 1;
    %store/vec4 v00000175d3afaca0_0, 0, 1;
    %pushi/vec4 0, 0, 1;
    %store/vec4 v00000175d3a846b0_0, 0, 1;
    %pushi/vec4 0, 0, 1;
    %store/vec4 v00000175d3afaf20_0, 0, 1;
    %pushi/vec4 0, 0, 1;
    %store/vec4 v00000175d3a844d0_0, 0, 1;
    %jmp T_2.13;
T_2.1 ;
    %pushi/vec4 0, 0, 1;
    %store/vec4 v00000175d3a52b00_0, 0, 1;
    %pushi/vec4 1, 0, 1;
    %store/vec4 v00000175d3afa9d0_0, 0, 1;
    %pushi/vec4 1, 0, 1;
    %store/vec4 v00000175d3afae80_0, 0, 1;
    %pushi/vec4 1, 0, 1;
    %store/vec4 v00000175d3a84570_0, 0, 1;
    %pushi/vec4 1, 0, 1;
    %store/vec4 v00000175d3a84610_0, 0, 1;
    %pushi/vec4 0, 0, 1;
    %store/vec4 v00000175d3afafc0_0, 0, 1;
    %pushi/vec4 0, 0, 1;
    %store/vec4 v00000175d3afade0_0, 0, 1;
    %pushi/vec4 0, 0, 1;
    %store/vec4 v00000175d3afaca0_0, 0, 1;
    %pushi/vec4 0, 0, 1;
    %store/vec4 v00000175d3a846b0_0, 0, 1;
    %pushi/vec4 0, 0, 1;
    %store/vec4 v00000175d3afaf20_0, 0, 1;
    %pushi/vec4 0, 0, 1;
    %store/vec4 v00000175d3a844d0_0, 0, 1;
    %jmp T_2.13;
T_2.2 ;
    %pushi/vec4 0, 0, 1;
    %store/vec4 v00000175d3a52b00_0, 0, 1;
    %pushi/vec4 0, 0, 1;
    %store/vec4 v00000175d3afa9d0_0, 0, 1;
    %pushi/vec4 0, 0, 1;
    %store/vec4 v00000175d3afae80_0, 0, 1;
    %pushi/vec4 0, 0, 1;
    %store/vec4 v00000175d3a84570_0, 0, 1;
    %pushi/vec4 0, 0, 1;
    %store/vec4 v00000175d3a84610_0, 0, 1;
    %pushi/vec4 1, 0, 1;
    %store/vec4 v00000175d3afafc0_0, 0, 1;
    %pushi/vec4 0, 0, 1;
    %store/vec4 v00000175d3afade0_0, 0, 1;
    %pushi/vec4 0, 0, 1;
    %store/vec4 v00000175d3afaca0_0, 0, 1;
    %pushi/vec4 0, 0, 1;
    %store/vec4 v00000175d3a846b0_0, 0, 1;
    %pushi/vec4 0, 0, 1;
    %store/vec4 v00000175d3afaf20_0, 0, 1;
    %pushi/vec4 0, 0, 1;
    %store/vec4 v00000175d3a844d0_0, 0, 1;
    %jmp T_2.13;
T_2.3 ;
    %pushi/vec4 0, 0, 1;
    %store/vec4 v00000175d3a52b00_0, 0, 1;
    %pushi/vec4 0, 0, 1;
    %store/vec4 v00000175d3afa9d0_0, 0, 1;
    %pushi/vec4 0, 0, 1;
    %store/vec4 v00000175d3afae80_0, 0, 1;
    %pushi/vec4 0, 0, 1;
    %store/vec4 v00000175d3a84570_0, 0, 1;
    %pushi/vec4 0, 0, 1;
    %store/vec4 v00000175d3a84610_0, 0, 1;
    %pushi/vec4 0, 0, 1;
    %store/vec4 v00000175d3afafc0_0, 0, 1;
    %pushi/vec4 0, 0, 1;
    %store/vec4 v00000175d3afade0_0, 0, 1;
    %pushi/vec4 0, 0, 1;
    %store/vec4 v00000175d3afaca0_0, 0, 1;
    %pushi/vec4 0, 0, 1;
    %store/vec4 v00000175d3a846b0_0, 0, 1;
    %pushi/vec4 0, 0, 1;
    %store/vec4 v00000175d3afaf20_0, 0, 1;
    %pushi/vec4 0, 0, 1;
    %store/vec4 v00000175d3a844d0_0, 0, 1;
    %jmp T_2.13;
T_2.4 ;
    %pushi/vec4 0, 0, 1;
    %store/vec4 v00000175d3a52b00_0, 0, 1;
    %pushi/vec4 0, 0, 1;
    %store/vec4 v00000175d3afa9d0_0, 0, 1;
    %pushi/vec4 0, 0, 1;
    %store/vec4 v00000175d3afae80_0, 0, 1;
    %pushi/vec4 0, 0, 1;
    %store/vec4 v00000175d3a84570_0, 0, 1;
    %pushi/vec4 0, 0, 1;
    %store/vec4 v00000175d3a84610_0, 0, 1;
    %pushi/vec4 0, 0, 1;
    %store/vec4 v00000175d3afafc0_0, 0, 1;
    %pushi/vec4 0, 0, 1;
    %store/vec4 v00000175d3afade0_0, 0, 1;
    %pushi/vec4 0, 0, 1;
    %store/vec4 v00000175d3afaca0_0, 0, 1;
    %pushi/vec4 0, 0, 1;
    %store/vec4 v00000175d3a846b0_0, 0, 1;
    %pushi/vec4 1, 0, 1;
    %store/vec4 v00000175d3afaf20_0, 0, 1;
    %pushi/vec4 0, 0, 1;
    %store/vec4 v00000175d3a844d0_0, 0, 1;
    %jmp T_2.13;
T_2.5 ;
    %pushi/vec4 0, 0, 1;
    %store/vec4 v00000175d3a52b00_0, 0, 1;
    %pushi/vec4 0, 0, 1;
    %store/vec4 v00000175d3afa9d0_0, 0, 1;
    %pushi/vec4 0, 0, 1;
    %store/vec4 v00000175d3afae80_0, 0, 1;
    %pushi/vec4 0, 0, 1;
    %store/vec4 v00000175d3a84570_0, 0, 1;
    %pushi/vec4 0, 0, 1;
    %store/vec4 v00000175d3a84610_0, 0, 1;
    %pushi/vec4 0, 0, 1;
    %store/vec4 v00000175d3afafc0_0, 0, 1;
    %pushi/vec4 0, 0, 1;
    %store/vec4 v00000175d3afade0_0, 0, 1;
    %pushi/vec4 0, 0, 1;
    %store/vec4 v00000175d3afaca0_0, 0, 1;
    %pushi/vec4 0, 0, 1;
    %store/vec4 v00000175d3a846b0_0, 0, 1;
    %pushi/vec4 0, 0, 1;
    %store/vec4 v00000175d3afaf20_0, 0, 1;
    %pushi/vec4 0, 0, 1;
    %store/vec4 v00000175d3a844d0_0, 0, 1;
    %jmp T_2.13;
T_2.6 ;
    %pushi/vec4 0, 0, 1;
    %store/vec4 v00000175d3a52b00_0, 0, 1;
    %pushi/vec4 0, 0, 1;
    %store/vec4 v00000175d3afa9d0_0, 0, 1;
    %pushi/vec4 0, 0, 1;
    %store/vec4 v00000175d3afae80_0, 0, 1;
    %pushi/vec4 1, 0, 1;
    %store/vec4 v00000175d3a84570_0, 0, 1;
    %pushi/vec4 1, 0, 1;
    %store/vec4 v00000175d3a84610_0, 0, 1;
    %pushi/vec4 0, 0, 1;
    %store/vec4 v00000175d3afafc0_0, 0, 1;
    %pushi/vec4 0, 0, 1;
    %store/vec4 v00000175d3afade0_0, 0, 1;
    %pushi/vec4 1, 0, 1;
    %store/vec4 v00000175d3afaca0_0, 0, 1;
    %pushi/vec4 0, 0, 1;
    %store/vec4 v00000175d3a846b0_0, 0, 1;
    %pushi/vec4 0, 0, 1;
    %store/vec4 v00000175d3a844d0_0, 0, 1;
    %jmp T_2.13;
T_2.7 ;
    %pushi/vec4 0, 0, 1;
    %store/vec4 v00000175d3a52b00_0, 0, 1;
    %pushi/vec4 0, 0, 1;
    %store/vec4 v00000175d3afa9d0_0, 0, 1;
    %pushi/vec4 0, 0, 1;
    %store/vec4 v00000175d3afae80_0, 0, 1;
    %pushi/vec4 1, 0, 1;
    %store/vec4 v00000175d3a84570_0, 0, 1;
    %pushi/vec4 1, 0, 1;
    %store/vec4 v00000175d3a84610_0, 0, 1;
    %pushi/vec4 0, 0, 1;
    %store/vec4 v00000175d3afafc0_0, 0, 1;
    %pushi/vec4 0, 0, 1;
    %store/vec4 v00000175d3afade0_0, 0, 1;
    %pushi/vec4 0, 0, 1;
    %store/vec4 v00000175d3afaca0_0, 0, 1;
    %pushi/vec4 0, 0, 1;
    %store/vec4 v00000175d3a846b0_0, 0, 1;
    %pushi/vec4 0, 0, 1;
    %store/vec4 v00000175d3a844d0_0, 0, 1;
    %jmp T_2.13;
T_2.8 ;
    %pushi/vec4 1, 0, 1;
    %store/vec4 v00000175d3a52b00_0, 0, 1;
    %pushi/vec4 0, 0, 1;
    %store/vec4 v00000175d3afa9d0_0, 0, 1;
    %pushi/vec4 0, 0, 1;
    %store/vec4 v00000175d3afae80_0, 0, 1;
    %pushi/vec4 0, 0, 1;
    %store/vec4 v00000175d3a84570_0, 0, 1;
    %pushi/vec4 0, 0, 1;
    %store/vec4 v00000175d3a84610_0, 0, 1;
    %pushi/vec4 0, 0, 1;
    %store/vec4 v00000175d3afafc0_0, 0, 1;
    %pushi/vec4 0, 0, 1;
    %store/vec4 v00000175d3afade0_0, 0, 1;
    %pushi/vec4 0, 0, 1;
    %store/vec4 v00000175d3afaca0_0, 0, 1;
    %pushi/vec4 0, 0, 1;
    %store/vec4 v00000175d3a846b0_0, 0, 1;
    %pushi/vec4 0, 0, 1;
    %store/vec4 v00000175d3a844d0_0, 0, 1;
    %jmp T_2.13;
T_2.9 ;
    %pushi/vec4 0, 0, 1;
    %store/vec4 v00000175d3a52b00_0, 0, 1;
    %pushi/vec4 0, 0, 1;
    %store/vec4 v00000175d3afa9d0_0, 0, 1;
    %pushi/vec4 0, 0, 1;
    %store/vec4 v00000175d3afae80_0, 0, 1;
    %pushi/vec4 0, 0, 1;
    %store/vec4 v00000175d3a84570_0, 0, 1;
    %pushi/vec4 0, 0, 1;
    %store/vec4 v00000175d3a84610_0, 0, 1;
    %pushi/vec4 0, 0, 1;
    %store/vec4 v00000175d3afafc0_0, 0, 1;
    %pushi/vec4 0, 0, 1;
    %store/vec4 v00000175d3afade0_0, 0, 1;
    %pushi/vec4 0, 0, 1;
    %store/vec4 v00000175d3afaca0_0, 0, 1;
    %pushi/vec4 0, 0, 1;
    %store/vec4 v00000175d3a846b0_0, 0, 1;
    %pushi/vec4 0, 0, 1;
    %store/vec4 v00000175d3a844d0_0, 0, 1;
    %jmp T_2.13;
T_2.10 ;
    %pushi/vec4 0, 0, 1;
    %store/vec4 v00000175d3a52b00_0, 0, 1;
    %pushi/vec4 0, 0, 1;
    %store/vec4 v00000175d3afa9d0_0, 0, 1;
    %pushi/vec4 0, 0, 1;
    %store/vec4 v00000175d3afae80_0, 0, 1;
    %pushi/vec4 0, 0, 1;
    %store/vec4 v00000175d3a84570_0, 0, 1;
    %pushi/vec4 0, 0, 1;
    %store/vec4 v00000175d3a84610_0, 0, 1;
    %pushi/vec4 0, 0, 1;
    %store/vec4 v00000175d3afafc0_0, 0, 1;
    %pushi/vec4 1, 0, 1;
    %store/vec4 v00000175d3afade0_0, 0, 1;
    %pushi/vec4 0, 0, 1;
    %store/vec4 v00000175d3afaca0_0, 0, 1;
    %pushi/vec4 1, 0, 1;
    %store/vec4 v00000175d3a846b0_0, 0, 1;
    %pushi/vec4 1, 0, 1;
    %store/vec4 v00000175d3afaf20_0, 0, 1;
    %pushi/vec4 0, 0, 1;
    %store/vec4 v00000175d3a844d0_0, 0, 1;
    %jmp T_2.13;
T_2.11 ;
    %pushi/vec4 0, 0, 1;
    %store/vec4 v00000175d3a52b00_0, 0, 1;
    %pushi/vec4 0, 0, 1;
    %store/vec4 v00000175d3afa9d0_0, 0, 1;
    %pushi/vec4 0, 0, 1;
    %store/vec4 v00000175d3afae80_0, 0, 1;
    %pushi/vec4 0, 0, 1;
    %store/vec4 v00000175d3a84570_0, 0, 1;
    %pushi/vec4 0, 0, 1;
    %store/vec4 v00000175d3a84610_0, 0, 1;
    %pushi/vec4 0, 0, 1;
    %store/vec4 v00000175d3afafc0_0, 0, 1;
    %pushi/vec4 0, 0, 1;
    %store/vec4 v00000175d3afaca0_0, 0, 1;
    %pushi/vec4 1, 0, 1;
    %store/vec4 v00000175d3a846b0_0, 0, 1;
    %pushi/vec4 1, 0, 1;
    %store/vec4 v00000175d3a844d0_0, 0, 1;
    %jmp T_2.13;
T_2.13 ;
    %pop/vec4 1;
    %jmp T_2;
    .thread T_2, $push;
# The file index is used to find the file name in the following table.
:file_names 3;
    "N/A";
    "<interactive>";
    "non_restoring_division_controlpath.v";
