#! /c/Source/iverilog-install/bin/vvp
:ivl_version "12.0 (devel)" "(s20150603-1539-g2693dd32b)";
:ivl_delay_selection "TYPICAL";
:vpi_time_precision - 12;
:vpi_module "C:\iverilog\lib\ivl\system.vpi";
:vpi_module "C:\iverilog\lib\ivl\vhdl_sys.vpi";
:vpi_module "C:\iverilog\lib\ivl\vhdl_textio.vpi";
:vpi_module "C:\iverilog\lib\ivl\v2005_math.vpi";
:vpi_module "C:\iverilog\lib\ivl\va_math.vpi";
S_0000020abe7f6300 .scope module, "non_restoring_division_topmodule" "non_restoring_division_topmodule" 2 6;
 .timescale -9 -12;
    .port_info 0 /INPUT 1 "clk";
    .port_info 1 /INPUT 4 "dividend";
    .port_info 2 /INPUT 4 "divisor";
    .port_info 3 /INPUT 1 "start";
    .port_info 4 /INPUT 1 "rst";
    .port_info 5 /OUTPUT 7 "seg";
    .port_info 6 /OUTPUT 4 "digit";
    .port_info 7 /OUTPUT 5 "remainder";
    .port_info 8 /OUTPUT 1 "done";
o0000020abe80eee8 .functor BUFZ 1, C4<z>; HiZ drive
v0000020abe89e2d0_0 .net "clk", 0 0, o0000020abe80eee8;  0 drivers
v0000020abe89d790_0 .net "count", 1 0, v0000020abe7fc140_0;  1 drivers
v0000020abe89e050_0 .net "count_enable", 0 0, v0000020abe7fde00_0;  1 drivers
v0000020abe89dab0_0 .net "digit", 3 0, v0000020abe89ddd0_0;  1 drivers
o0000020abe80fde8 .functor BUFZ 4, C4<zzzz>; HiZ drive
v0000020abe89da10_0 .net "dividend", 3 0, o0000020abe80fde8;  0 drivers
o0000020abe8105c8 .functor BUFZ 4, C4<zzzz>; HiZ drive
v0000020abe89d3d0_0 .net "divisor", 3 0, o0000020abe8105c8;  0 drivers
v0000020abe89e9b0_0 .net "done", 0 0, v0000020abe7fc280_0;  1 drivers
v0000020abe89d6f0_0 .net "ld_A", 0 0, v0000020abe7fc500_0;  1 drivers
v0000020abe89dc90_0 .net "ld_Q", 0 0, v0000020abe7fd5e0_0;  1 drivers
v0000020abe89e0f0_0 .net "ld_rem_quotient", 0 0, v0000020abe7fc8c0_0;  1 drivers
v0000020abe89dbf0_0 .net "negative_flag", 0 0, v0000020abe7fdae0_0;  1 drivers
v0000020abe89d8d0_0 .net "quotient", 3 0, v0000020abe898b20_0;  1 drivers
v0000020abe89e7d0_0 .net "remainder", 4 0, v0000020abe898c60_0;  1 drivers
o0000020abe80f0c8 .functor BUFZ 1, C4<z>; HiZ drive
v0000020abe89eaf0_0 .net "rst", 0 0, o0000020abe80f0c8;  0 drivers
v0000020abe89ed70_0 .net "seg", 6 0, v0000020abe89db50_0;  1 drivers
v0000020abe89d290_0 .net "select_A", 0 0, v0000020abe7fd4a0_0;  1 drivers
v0000020abe89d970_0 .net "select_Q", 0 0, v0000020abe7fd180_0;  1 drivers
v0000020abe89d330_0 .net "select_add", 0 0, v0000020abe7fcc80_0;  1 drivers
v0000020abe89e370_0 .net "select_mux_2", 0 0, v0000020abe7fd040_0;  1 drivers
v0000020abe89d5b0_0 .net "shift_left_enable_a", 0 0, v0000020abe7fc6e0_0;  1 drivers
v0000020abe89e870_0 .net "shift_left_enable_q", 0 0, v0000020abe7fc5a0_0;  1 drivers
o0000020abe80f218 .functor BUFZ 1, C4<z>; HiZ drive
v0000020abe89eb90_0 .net "start", 0 0, o0000020abe80f218;  0 drivers
v0000020abe89ee10_0 .net "status", 0 0, v0000020abe7fc820_0;  1 drivers
S_0000020abe7f6490 .scope module, "controlpath" "non_restoring_division_control_path" 2 61, 3 2 0, S_0000020abe7f6300;
 .timescale -9 -12;
    .port_info 0 /INPUT 1 "clk";
    .port_info 1 /INPUT 1 "rst";
    .port_info 2 /INPUT 1 "start";
    .port_info 3 /INPUT 1 "negative_flag";
    .port_info 4 /INPUT 2 "count";
    .port_info 5 /INPUT 1 "status";
    .port_info 6 /OUTPUT 1 "select_A";
    .port_info 7 /OUTPUT 1 "select_Q";
    .port_info 8 /OUTPUT 1 "ld_A";
    .port_info 9 /OUTPUT 1 "ld_Q";
    .port_info 10 /OUTPUT 1 "shift_left_enable_a";
    .port_info 11 /OUTPUT 1 "select_add";
    .port_info 12 /OUTPUT 1 "select_mux_2";
    .port_info 13 /OUTPUT 1 "shift_left_enable_q";
    .port_info 14 /OUTPUT 1 "count_enable";
    .port_info 15 /OUTPUT 1 "ld_rem_quotient";
    .port_info 16 /OUTPUT 1 "done";
P_0000020abe7c6d60 .param/l "adder" 0 3 29, C4<0101>;
P_0000020abe7c6d98 .param/l "check" 0 3 34, C4<1010>;
P_0000020abe7c6dd0 .param/l "correct" 0 3 35, C4<1011>;
P_0000020abe7c6e08 .param/l "display" 0 3 36, C4<1100>;
P_0000020abe7c6e40 .param/l "idle" 0 3 24, C4<0000>;
P_0000020abe7c6e78 .param/l "iter" 0 3 33, C4<1001>;
P_0000020abe7c6eb0 .param/l "load" 0 3 25, C4<0001>;
P_0000020abe7c6ee8 .param/l "load_wait" 0 3 26, C4<0010>;
P_0000020abe7c6f20 .param/l "shift_a" 0 3 27, C4<0011>;
P_0000020abe7c6f58 .param/l "shift_q" 0 3 31, C4<0111>;
P_0000020abe7c6f90 .param/l "subtractor" 0 3 30, C4<0110>;
P_0000020abe7c6fc8 .param/l "wait_a" 0 3 28, C4<0100>;
P_0000020abe7c7000 .param/l "wait_q" 0 3 32, C4<1000>;
v0000020abe7fcf00_0 .net "clk", 0 0, o0000020abe80eee8;  alias, 0 drivers
v0000020abe7fc320_0 .net "count", 1 0, v0000020abe7fc140_0;  alias, 1 drivers
v0000020abe7fde00_0 .var "count_enable", 0 0;
v0000020abe7fc280_0 .var "done", 0 0;
v0000020abe7fc500_0 .var "ld_A", 0 0;
v0000020abe7fd5e0_0 .var "ld_Q", 0 0;
v0000020abe7fc8c0_0 .var "ld_rem_quotient", 0 0;
v0000020abe7fca00_0 .net "negative_flag", 0 0, v0000020abe7fdae0_0;  alias, 1 drivers
v0000020abe7fdea0_0 .var "next_state", 3 0;
v0000020abe7fdb80_0 .var "present_state", 3 0;
v0000020abe7fdc20_0 .net "rst", 0 0, o0000020abe80f0c8;  alias, 0 drivers
v0000020abe7fd4a0_0 .var "select_A", 0 0;
v0000020abe7fd180_0 .var "select_Q", 0 0;
v0000020abe7fcc80_0 .var "select_add", 0 0;
v0000020abe7fd040_0 .var "select_mux_2", 0 0;
v0000020abe7fc6e0_0 .var "shift_left_enable_a", 0 0;
v0000020abe7fc5a0_0 .var "shift_left_enable_q", 0 0;
v0000020abe7fd680_0 .net "start", 0 0, o0000020abe80f218;  alias, 0 drivers
v0000020abe7fcdc0_0 .net "status", 0 0, v0000020abe7fc820_0;  alias, 1 drivers
E_0000020abe8036f0 .event anyedge, v0000020abe7fdb80_0;
E_0000020abe8039f0 .event anyedge, v0000020abe7fd680_0, v0000020abe7fdb80_0;
E_0000020abe8040f0 .event posedge, v0000020abe7fdc20_0, v0000020abe7fcf00_0;
S_0000020abe7c7040 .scope module, "datapath" "non_restoring_division_datapath" 2 38, 4 16 0, S_0000020abe7f6300;
 .timescale -9 -12;
    .port_info 0 /INPUT 1 "clk";
    .port_info 1 /INPUT 1 "rst";
    .port_info 2 /INPUT 4 "dividend";
    .port_info 3 /INPUT 4 "divisor";
    .port_info 4 /INPUT 1 "select_A";
    .port_info 5 /INPUT 1 "select_Q";
    .port_info 6 /INPUT 1 "ld_A";
    .port_info 7 /INPUT 1 "ld_Q";
    .port_info 8 /INPUT 1 "shift_left_enable_a";
    .port_info 9 /INPUT 1 "select_add";
    .port_info 10 /INPUT 1 "select_mux_2";
    .port_info 11 /INPUT 1 "shift_left_enable_q";
    .port_info 12 /INPUT 1 "count_enable";
    .port_info 13 /INPUT 1 "ld_rem_quotient";
    .port_info 14 /OUTPUT 1 "negative_flag";
    .port_info 15 /OUTPUT 4 "quotient";
    .port_info 16 /OUTPUT 5 "remainder";
    .port_info 17 /OUTPUT 2 "count";
    .port_info 18 /OUTPUT 1 "status";
v0000020abe899de0_0 .net "A", 4 0, v0000020abe7fd0e0_0;  1 drivers
v0000020abe8986c0_0 .net "Q", 3 0, v0000020abe7fcfa0_0;  1 drivers
L_0000020abe8a0200 .functor BUFT 1, C4<0>, C4<0>, C4<0>, C4<0>;
v0000020abe8988a0_0 .net/2u *"_ivl_10", 0 0, L_0000020abe8a0200;  1 drivers
L_0000020abe8a01b8 .functor BUFT 1, C4<0>, C4<0>, C4<0>, C4<0>;
v0000020abe899a20_0 .net/2u *"_ivl_6", 0 0, L_0000020abe8a01b8;  1 drivers
v0000020abe899e80_0 .net "adder_out", 4 0, v0000020abe7fd2c0_0;  1 drivers
v0000020abe899f20_0 .net "clk", 0 0, o0000020abe80eee8;  alias, 0 drivers
v0000020abe8981c0_0 .net "count", 1 0, v0000020abe7fc140_0;  alias, 1 drivers
v0000020abe898300_0 .net "count_enable", 0 0, v0000020abe7fde00_0;  alias, 1 drivers
v0000020abe898940_0 .net "dividend", 3 0, o0000020abe80fde8;  alias, 0 drivers
v0000020abe8989e0_0 .net "divisor", 3 0, o0000020abe8105c8;  alias, 0 drivers
v0000020abe899200_0 .net "ld_A", 0 0, v0000020abe7fc500_0;  alias, 1 drivers
v0000020abe898da0_0 .net "ld_Q", 0 0, v0000020abe7fd5e0_0;  alias, 1 drivers
v0000020abe8992a0_0 .net "ld_rem_quotient", 0 0, v0000020abe7fc8c0_0;  alias, 1 drivers
v0000020abe898e40_0 .net "mux_out_1", 4 0, v0000020abe7f6e90_0;  1 drivers
v0000020abe89e190_0 .net "mux_out_2", 4 0, v0000020abe899b60_0;  1 drivers
v0000020abe89e230_0 .net "mux_out_3", 3 0, v0000020abe8984e0_0;  1 drivers
v0000020abe89e910_0 .net "mux_out_4", 4 0, v0000020abe899fc0_0;  1 drivers
v0000020abe89ea50_0 .net "negative_flag", 0 0, v0000020abe7fdae0_0;  alias, 1 drivers
v0000020abe89e730_0 .net "quotient", 3 0, v0000020abe898b20_0;  alias, 1 drivers
v0000020abe89ef50_0 .net "remainder", 4 0, v0000020abe898c60_0;  alias, 1 drivers
v0000020abe89d150_0 .net "rst", 0 0, o0000020abe80f0c8;  alias, 0 drivers
v0000020abe89ec30_0 .net "select_A", 0 0, v0000020abe7fd4a0_0;  alias, 1 drivers
v0000020abe89de70_0 .net "select_Q", 0 0, v0000020abe7fd180_0;  alias, 1 drivers
v0000020abe89dfb0_0 .net "select_add", 0 0, v0000020abe7fcc80_0;  alias, 1 drivers
v0000020abe89eeb0_0 .net "select_mux_2", 0 0, v0000020abe7fd040_0;  alias, 1 drivers
v0000020abe89d830_0 .net "shift_left_enable_a", 0 0, v0000020abe7fc6e0_0;  alias, 1 drivers
v0000020abe89e5f0_0 .net "shift_left_enable_q", 0 0, v0000020abe7fc5a0_0;  alias, 1 drivers
v0000020abe89d650_0 .net "shift_register_out_a", 4 0, v0000020abe898d00_0;  1 drivers
v0000020abe89d470_0 .net "shift_register_out_q", 3 0, v0000020abe899d40_0;  1 drivers
v0000020abe89ecd0_0 .net "status", 0 0, v0000020abe7fc820_0;  alias, 1 drivers
v0000020abe89d510_0 .net "subtractor_out", 4 0, v0000020abe899980_0;  1 drivers
L_0000020abe89e410 .part v0000020abe7fd0e0_0, 4, 1;
L_0000020abe89eff0 .concat [ 4 1 0 0], o0000020abe8105c8, L_0000020abe8a01b8;
L_0000020abe89e550 .concat [ 4 1 0 0], o0000020abe8105c8, L_0000020abe8a0200;
L_0000020abe89e690 .part v0000020abe899b60_0, 4, 1;
S_0000020abe7c1b50 .scope module, "A_reg" "register_a" 4 66, 5 2 0, S_0000020abe7c7040;
 .timescale -9 -12;
    .port_info 0 /INPUT 1 "rst";
    .port_info 1 /INPUT 1 "clk";
    .port_info 2 /INPUT 1 "ld_register";
    .port_info 3 /INPUT 5 "input_data";
    .port_info 4 /OUTPUT 5 "output_data";
v0000020abe7fcaa0_0 .net "clk", 0 0, o0000020abe80eee8;  alias, 0 drivers
v0000020abe7fd220_0 .net "input_data", 4 0, v0000020abe7f6e90_0;  alias, 1 drivers
v0000020abe7fc780_0 .net "ld_register", 0 0, v0000020abe7fc500_0;  alias, 1 drivers
v0000020abe7fd0e0_0 .var "output_data", 4 0;
v0000020abe7fd720_0 .net "rst", 0 0, o0000020abe80f0c8;  alias, 0 drivers
S_0000020abe7c1ce0 .scope module, "Q_reg" "register_q" 4 75, 6 2 0, S_0000020abe7c7040;
 .timescale -9 -12;
    .port_info 0 /INPUT 1 "rst";
    .port_info 1 /INPUT 1 "clk";
    .port_info 2 /INPUT 1 "ld_register";
    .port_info 3 /INPUT 4 "input_data";
    .port_info 4 /OUTPUT 4 "output_data";
v0000020abe7fc3c0_0 .net "clk", 0 0, o0000020abe80eee8;  alias, 0 drivers
v0000020abe7fd7c0_0 .net "input_data", 3 0, v0000020abe8984e0_0;  alias, 1 drivers
v0000020abe7fd360_0 .net "ld_register", 0 0, v0000020abe7fd5e0_0;  alias, 1 drivers
v0000020abe7fcfa0_0 .var "output_data", 3 0;
v0000020abe7fd860_0 .net "rst", 0 0, o0000020abe80f0c8;  alias, 0 drivers
S_0000020abe7bf500 .scope module, "adder1" "adder" 4 108, 7 2 0, S_0000020abe7c7040;
 .timescale -9 -12;
    .port_info 0 /INPUT 5 "A";
    .port_info 1 /INPUT 5 "B";
    .port_info 2 /OUTPUT 5 "sum";
v0000020abe7fda40_0 .net "A", 4 0, v0000020abe899fc0_0;  alias, 1 drivers
v0000020abe7fdcc0_0 .net "B", 4 0, L_0000020abe89eff0;  1 drivers
v0000020abe7fd2c0_0 .var "sum", 4 0;
E_0000020abe803770 .event anyedge, v0000020abe7fdcc0_0, v0000020abe7fda40_0;
S_0000020abe7bf690 .scope module, "cmp" "comparator" 4 158, 8 2 0, S_0000020abe7c7040;
 .timescale -9 -12;
    .port_info 0 /INPUT 2 "A";
    .port_info 1 /INPUT 2 "B";
    .port_info 2 /OUTPUT 1 "equal";
v0000020abe7fd400_0 .net "A", 1 0, v0000020abe7fc140_0;  alias, 1 drivers
L_0000020abe8a0248 .functor BUFT 1, C4<11>, C4<0>, C4<0>, C4<0>;
v0000020abe7fd900_0 .net "B", 1 0, L_0000020abe8a0248;  1 drivers
v0000020abe7fc820_0 .var "equal", 0 0;
E_0000020abe803e70 .event anyedge, v0000020abe7fd900_0, v0000020abe7fc320_0;
S_0000020abe7bdbf0 .scope module, "cmp1" "comparator_1bit" 4 93, 9 2 0, S_0000020abe7c7040;
 .timescale -9 -12;
    .port_info 0 /INPUT 1 "A";
    .port_info 1 /INPUT 1 "B";
    .port_info 2 /OUTPUT 1 "equal";
v0000020abe7fdf40_0 .net "A", 0 0, L_0000020abe89e410;  1 drivers
L_0000020abe8a0170 .functor BUFT 1, C4<1>, C4<0>, C4<0>, C4<0>;
v0000020abe7fd9a0_0 .net "B", 0 0, L_0000020abe8a0170;  1 drivers
v0000020abe7fdae0_0 .var "equal", 0 0;
E_0000020abe8042b0 .event anyedge, v0000020abe7fd9a0_0, v0000020abe7fdf40_0;
S_0000020abe7bdd80 .scope module, "incrementer" "counter" 4 150, 10 2 0, S_0000020abe7c7040;
 .timescale -9 -12;
    .port_info 0 /INPUT 1 "clk";
    .port_info 1 /INPUT 1 "rst";
    .port_info 2 /INPUT 1 "count_enable";
    .port_info 3 /OUTPUT 2 "count";
v0000020abe7fdfe0_0 .net "clk", 0 0, o0000020abe80eee8;  alias, 0 drivers
v0000020abe7fc140_0 .var "count", 1 0;
v0000020abe7fc1e0_0 .net "count_enable", 0 0, v0000020abe7fde00_0;  alias, 1 drivers
v0000020abe7fc460_0 .net "rst", 0 0, o0000020abe80f0c8;  alias, 0 drivers
E_0000020abe803fb0 .event posedge, v0000020abe7fcf00_0;
S_0000020abe7e3c10 .scope module, "mux1" "mux_2x1" 4 58, 11 2 0, S_0000020abe7c7040;
 .timescale -9 -12;
    .port_info 0 /INPUT 1 "select";
    .port_info 1 /INPUT 5 "A";
    .port_info 2 /INPUT 5 "B";
    .port_info 3 /OUTPUT 5 "out";
L_0000020abe8a0128 .functor BUFT 1, C4<00000>, C4<0>, C4<0>, C4<0>;
v0000020abe7f6c10_0 .net "A", 4 0, L_0000020abe8a0128;  1 drivers
v0000020abe7f6df0_0 .net "B", 4 0, v0000020abe899b60_0;  alias, 1 drivers
v0000020abe7f6e90_0 .var "out", 4 0;
v0000020abe7f6f30_0 .net "select", 0 0, v0000020abe7fd4a0_0;  alias, 1 drivers
E_0000020abe803eb0 .event anyedge, v0000020abe7f6df0_0, v0000020abe7f6c10_0, v0000020abe7fd4a0_0;
S_0000020abe7e3da0 .scope module, "mux2" "mux_2x1" 4 122, 11 2 0, S_0000020abe7c7040;
 .timescale -9 -12;
    .port_info 0 /INPUT 1 "select";
    .port_info 1 /INPUT 5 "A";
    .port_info 2 /INPUT 5 "B";
    .port_info 3 /OUTPUT 5 "out";
v0000020abe7f7430_0 .net "A", 4 0, v0000020abe7fd2c0_0;  alias, 1 drivers
v0000020abe8983a0_0 .net "B", 4 0, v0000020abe899980_0;  alias, 1 drivers
v0000020abe899b60_0 .var "out", 4 0;
v0000020abe898ee0_0 .net "select", 0 0, v0000020abe7fd040_0;  alias, 1 drivers
E_0000020abe803c70 .event anyedge, v0000020abe8983a0_0, v0000020abe7fd2c0_0, v0000020abe7fd040_0;
S_0000020abe7d21c0 .scope module, "mux3" "mux_2x1_16bit" 4 140, 12 2 0, S_0000020abe7c7040;
 .timescale -9 -12;
    .port_info 0 /INPUT 1 "select";
    .port_info 1 /INPUT 4 "A";
    .port_info 2 /INPUT 4 "B";
    .port_info 3 /OUTPUT 4 "out";
v0000020abe898440_0 .net "A", 3 0, o0000020abe80fde8;  alias, 0 drivers
v0000020abe8990c0_0 .net "B", 3 0, v0000020abe899d40_0;  alias, 1 drivers
v0000020abe8984e0_0 .var "out", 3 0;
v0000020abe898f80_0 .net "select", 0 0, v0000020abe7fd180_0;  alias, 1 drivers
E_0000020abe803c30 .event anyedge, v0000020abe8990c0_0, v0000020abe898440_0, v0000020abe7fd180_0;
S_0000020abe7d2350 .scope module, "mux4" "mux_2x1" 4 99, 11 2 0, S_0000020abe7c7040;
 .timescale -9 -12;
    .port_info 0 /INPUT 1 "select";
    .port_info 1 /INPUT 5 "A";
    .port_info 2 /INPUT 5 "B";
    .port_info 3 /OUTPUT 5 "out";
v0000020abe8995c0_0 .net "A", 4 0, v0000020abe7fd0e0_0;  alias, 1 drivers
v0000020abe898260_0 .net "B", 4 0, v0000020abe898d00_0;  alias, 1 drivers
v0000020abe899fc0_0 .var "out", 4 0;
v0000020abe899020_0 .net "select", 0 0, v0000020abe7fcc80_0;  alias, 1 drivers
E_0000020abe803430 .event anyedge, v0000020abe898260_0, v0000020abe7fd0e0_0, v0000020abe7fcc80_0;
S_0000020abe762760 .scope module, "quotient_reg" "register_q" 4 174, 6 2 0, S_0000020abe7c7040;
 .timescale -9 -12;
    .port_info 0 /INPUT 1 "rst";
    .port_info 1 /INPUT 1 "clk";
    .port_info 2 /INPUT 1 "ld_register";
    .port_info 3 /INPUT 4 "input_data";
    .port_info 4 /OUTPUT 4 "output_data";
v0000020abe899c00_0 .net "clk", 0 0, o0000020abe80eee8;  alias, 0 drivers
v0000020abe898760_0 .net "input_data", 3 0, v0000020abe899d40_0;  alias, 1 drivers
v0000020abe899700_0 .net "ld_register", 0 0, v0000020abe7fc8c0_0;  alias, 1 drivers
v0000020abe898b20_0 .var "output_data", 3 0;
v0000020abe898800_0 .net "rst", 0 0, o0000020abe80f0c8;  alias, 0 drivers
S_0000020abe7628f0 .scope module, "remainder_reg" "register_a" 4 165, 5 2 0, S_0000020abe7c7040;
 .timescale -9 -12;
    .port_info 0 /INPUT 1 "rst";
    .port_info 1 /INPUT 1 "clk";
    .port_info 2 /INPUT 1 "ld_register";
    .port_info 3 /INPUT 5 "input_data";
    .port_info 4 /OUTPUT 5 "output_data";
v0000020abe899160_0 .net "clk", 0 0, o0000020abe80eee8;  alias, 0 drivers
v0000020abe898580_0 .net "input_data", 4 0, v0000020abe899b60_0;  alias, 1 drivers
v0000020abe899ca0_0 .net "ld_register", 0 0, v0000020abe7fc8c0_0;  alias, 1 drivers
v0000020abe898c60_0 .var "output_data", 4 0;
v0000020abe898120_0 .net "rst", 0 0, o0000020abe80f0c8;  alias, 0 drivers
S_0000020abe7ba6d0 .scope module, "shift_A_left" "shift_register_a" 4 84, 13 2 0, S_0000020abe7c7040;
 .timescale -9 -12;
    .port_info 0 /INPUT 1 "rst";
    .port_info 1 /INPUT 1 "clk";
    .port_info 2 /INPUT 5 "A";
    .port_info 3 /INPUT 4 "Q";
    .port_info 4 /INPUT 1 "shift_left_enable_a";
    .port_info 5 /OUTPUT 5 "shift_out";
v0000020abe899ac0_0 .net "A", 4 0, v0000020abe7fd0e0_0;  alias, 1 drivers
v0000020abe899340_0 .net "Q", 3 0, v0000020abe7fcfa0_0;  alias, 1 drivers
v0000020abe8997a0_0 .net "clk", 0 0, o0000020abe80eee8;  alias, 0 drivers
v0000020abe8993e0_0 .net "rst", 0 0, o0000020abe80f0c8;  alias, 0 drivers
v0000020abe899480_0 .net "shift_left_enable_a", 0 0, v0000020abe7fc6e0_0;  alias, 1 drivers
v0000020abe898d00_0 .var "shift_out", 4 0;
S_0000020abe7ba860 .scope module, "shift_Q_left" "shift_register_q" 4 130, 14 2 0, S_0000020abe7c7040;
 .timescale -9 -12;
    .port_info 0 /INPUT 1 "rst";
    .port_info 1 /INPUT 1 "clk";
    .port_info 2 /INPUT 1 "shift_left_enable_q";
    .port_info 3 /INPUT 4 "Q";
    .port_info 4 /INPUT 1 "A";
    .port_info 5 /OUTPUT 4 "shift_out";
v0000020abe898bc0_0 .net "A", 0 0, L_0000020abe89e690;  1 drivers
v0000020abe899520_0 .net "Q", 3 0, v0000020abe7fcfa0_0;  alias, 1 drivers
v0000020abe899660_0 .net "clk", 0 0, o0000020abe80eee8;  alias, 0 drivers
v0000020abe898620_0 .net "rst", 0 0, o0000020abe80f0c8;  alias, 0 drivers
v0000020abe898a80_0 .net "shift_left_enable_q", 0 0, v0000020abe7fc5a0_0;  alias, 1 drivers
v0000020abe899d40_0 .var "shift_out", 3 0;
S_0000020abe89c5f0 .scope module, "subtractor1" "subtractor" 4 115, 15 2 0, S_0000020abe7c7040;
 .timescale -9 -12;
    .port_info 0 /INPUT 5 "A";
    .port_info 1 /INPUT 5 "B";
    .port_info 2 /OUTPUT 5 "difference";
v0000020abe899840_0 .net "A", 4 0, v0000020abe898d00_0;  alias, 1 drivers
v0000020abe8998e0_0 .net "B", 4 0, L_0000020abe89e550;  1 drivers
v0000020abe899980_0 .var "difference", 4 0;
E_0000020abe8034b0 .event anyedge, v0000020abe8998e0_0, v0000020abe898260_0;
S_0000020abe89cf50 .scope module, "lcd1" "lcd_module" 2 83, 16 3 0, S_0000020abe7f6300;
 .timescale -9 -12;
    .port_info 0 /INPUT 1 "clk";
    .port_info 1 /INPUT 1 "rst";
    .port_info 2 /INPUT 4 "quotient";
    .port_info 3 /OUTPUT 7 "seg";
    .port_info 4 /OUTPUT 4 "digit";
P_0000020abe7b95b0 .param/l "A" 0 16 27, C4<0001000>;
P_0000020abe7b95e8 .param/l "B" 0 16 28, C4<1100000>;
P_0000020abe7b9620 .param/l "C" 0 16 29, C4<0110001>;
P_0000020abe7b9658 .param/l "D" 0 16 30, C4<1000010>;
P_0000020abe7b9690 .param/l "E" 0 16 31, C4<0010000>;
P_0000020abe7b96c8 .param/l "EIGHT" 0 16 25, C4<0000000>;
P_0000020abe7b9700 .param/l "F" 0 16 32, C4<0111000>;
P_0000020abe7b9738 .param/l "FIVE" 0 16 22, C4<0100100>;
P_0000020abe7b9770 .param/l "FOUR" 0 16 21, C4<1001100>;
P_0000020abe7b97a8 .param/l "NINE" 0 16 26, C4<0001100>;
P_0000020abe7b97e0 .param/l "ONE" 0 16 18, C4<1001111>;
P_0000020abe7b9818 .param/l "SEVEN" 0 16 24, C4<0001111>;
P_0000020abe7b9850 .param/l "SIX" 0 16 23, C4<0100000>;
P_0000020abe7b9888 .param/l "THREE" 0 16 20, C4<0000110>;
P_0000020abe7b98c0 .param/l "TWO" 0 16 19, C4<0010010>;
P_0000020abe7b98f8 .param/l "ZERO" 0 16 17, C4<0000001>;
v0000020abe89e4b0_0 .net "clk", 0 0, o0000020abe80eee8;  alias, 0 drivers
v0000020abe89ddd0_0 .var "digit", 3 0;
v0000020abe89df10_0 .net "quotient", 3 0, v0000020abe898b20_0;  alias, 1 drivers
v0000020abe89dd30_0 .net "rst", 0 0, o0000020abe80f0c8;  alias, 0 drivers
v0000020abe89db50_0 .var "seg", 6 0;
E_0000020abe8037f0 .event anyedge, v0000020abe898b20_0;
    .scope S_0000020abe7e3c10;
T_0 ;
    %wait E_0000020abe803eb0;
    %load/vec4 v0000020abe7f6f30_0;
    %flag_set/vec4 8;
    %jmp/0xz  T_0.0, 8;
    %load/vec4 v0000020abe7f6c10_0;
    %store/vec4 v0000020abe7f6e90_0, 0, 5;
    %jmp T_0.1;
T_0.0 ;
    %load/vec4 v0000020abe7f6df0_0;
    %store/vec4 v0000020abe7f6e90_0, 0, 5;
T_0.1 ;
    %jmp T_0;
    .thread T_0, $push;
    .scope S_0000020abe7c1b50;
T_1 ;
    %wait E_0000020abe8040f0;
    %load/vec4 v0000020abe7fd720_0;
    %flag_set/vec4 8;
    %jmp/0xz  T_1.0, 8;
    %pushi/vec4 0, 0, 5;
    %assign/vec4 v0000020abe7fd0e0_0, 0;
    %jmp T_1.1;
T_1.0 ;
    %load/vec4 v0000020abe7fc780_0;
    %flag_set/vec4 8;
    %jmp/0xz  T_1.2, 8;
    %load/vec4 v0000020abe7fd220_0;
    %assign/vec4 v0000020abe7fd0e0_0, 0;
T_1.2 ;
T_1.1 ;
    %jmp T_1;
    .thread T_1;
    .scope S_0000020abe7c1ce0;
T_2 ;
    %wait E_0000020abe8040f0;
    %load/vec4 v0000020abe7fd860_0;
    %flag_set/vec4 8;
    %jmp/0xz  T_2.0, 8;
    %pushi/vec4 0, 0, 4;
    %assign/vec4 v0000020abe7fcfa0_0, 0;
    %jmp T_2.1;
T_2.0 ;
    %load/vec4 v0000020abe7fd360_0;
    %flag_set/vec4 8;
    %jmp/0xz  T_2.2, 8;
    %load/vec4 v0000020abe7fd7c0_0;
    %assign/vec4 v0000020abe7fcfa0_0, 0;
T_2.2 ;
T_2.1 ;
    %jmp T_2;
    .thread T_2;
    .scope S_0000020abe7ba6d0;
T_3 ;
    %wait E_0000020abe8040f0;
    %load/vec4 v0000020abe8993e0_0;
    %flag_set/vec4 8;
    %jmp/0xz  T_3.0, 8;
    %pushi/vec4 0, 0, 5;
    %assign/vec4 v0000020abe898d00_0, 0;
    %jmp T_3.1;
T_3.0 ;
    %load/vec4 v0000020abe899480_0;
    %cmpi/e 1, 0, 1;
    %jmp/0xz  T_3.2, 4;
    %load/vec4 v0000020abe899ac0_0;
    %parti/s 4, 0, 2;
    %load/vec4 v0000020abe899340_0;
    %parti/s 1, 3, 3;
    %concat/vec4; draw_concat_vec4
    %assign/vec4 v0000020abe898d00_0, 0;
T_3.2 ;
T_3.1 ;
    %jmp T_3;
    .thread T_3;
    .scope S_0000020abe7bdbf0;
T_4 ;
    %wait E_0000020abe8042b0;
    %load/vec4 v0000020abe7fdf40_0;
    %load/vec4 v0000020abe7fd9a0_0;
    %cmp/e;
    %jmp/0xz  T_4.0, 4;
    %pushi/vec4 1, 0, 1;
    %store/vec4 v0000020abe7fdae0_0, 0, 1;
    %jmp T_4.1;
T_4.0 ;
    %pushi/vec4 0, 0, 1;
    %store/vec4 v0000020abe7fdae0_0, 0, 1;
T_4.1 ;
    %jmp T_4;
    .thread T_4, $push;
    .scope S_0000020abe7d2350;
T_5 ;
    %wait E_0000020abe803430;
    %load/vec4 v0000020abe899020_0;
    %flag_set/vec4 8;
    %jmp/0xz  T_5.0, 8;
    %load/vec4 v0000020abe8995c0_0;
    %store/vec4 v0000020abe899fc0_0, 0, 5;
    %jmp T_5.1;
T_5.0 ;
    %load/vec4 v0000020abe898260_0;
    %store/vec4 v0000020abe899fc0_0, 0, 5;
T_5.1 ;
    %jmp T_5;
    .thread T_5, $push;
    .scope S_0000020abe7bf500;
T_6 ;
    %wait E_0000020abe803770;
    %load/vec4 v0000020abe7fda40_0;
    %load/vec4 v0000020abe7fdcc0_0;
    %add;
    %store/vec4 v0000020abe7fd2c0_0, 0, 5;
    %jmp T_6;
    .thread T_6, $push;
    .scope S_0000020abe89c5f0;
T_7 ;
    %wait E_0000020abe8034b0;
    %load/vec4 v0000020abe899840_0;
    %load/vec4 v0000020abe8998e0_0;
    %sub;
    %store/vec4 v0000020abe899980_0, 0, 5;
    %jmp T_7;
    .thread T_7, $push;
    .scope S_0000020abe7e3da0;
T_8 ;
    %wait E_0000020abe803c70;
    %load/vec4 v0000020abe898ee0_0;
    %flag_set/vec4 8;
    %jmp/0xz  T_8.0, 8;
    %load/vec4 v0000020abe7f7430_0;
    %store/vec4 v0000020abe899b60_0, 0, 5;
    %jmp T_8.1;
T_8.0 ;
    %load/vec4 v0000020abe8983a0_0;
    %store/vec4 v0000020abe899b60_0, 0, 5;
T_8.1 ;
    %jmp T_8;
    .thread T_8, $push;
    .scope S_0000020abe7ba860;
T_9 ;
    %wait E_0000020abe8040f0;
    %load/vec4 v0000020abe898620_0;
    %flag_set/vec4 8;
    %jmp/0xz  T_9.0, 8;
    %pushi/vec4 0, 0, 4;
    %assign/vec4 v0000020abe899d40_0, 0;
    %jmp T_9.1;
T_9.0 ;
    %load/vec4 v0000020abe898a80_0;
    %cmpi/e 1, 0, 1;
    %jmp/0xz  T_9.2, 4;
    %load/vec4 v0000020abe899520_0;
    %parti/s 3, 0, 2;
    %load/vec4 v0000020abe898bc0_0;
    %inv;
    %concat/vec4; draw_concat_vec4
    %assign/vec4 v0000020abe899d40_0, 0;
T_9.2 ;
T_9.1 ;
    %jmp T_9;
    .thread T_9;
    .scope S_0000020abe7d21c0;
T_10 ;
    %wait E_0000020abe803c30;
    %load/vec4 v0000020abe898f80_0;
    %flag_set/vec4 8;
    %jmp/0xz  T_10.0, 8;
    %load/vec4 v0000020abe898440_0;
    %store/vec4 v0000020abe8984e0_0, 0, 4;
    %jmp T_10.1;
T_10.0 ;
    %load/vec4 v0000020abe8990c0_0;
    %store/vec4 v0000020abe8984e0_0, 0, 4;
T_10.1 ;
    %jmp T_10;
    .thread T_10, $push;
    .scope S_0000020abe7bdd80;
T_11 ;
    %wait E_0000020abe803fb0;
    %load/vec4 v0000020abe7fc460_0;
    %flag_set/vec4 8;
    %jmp/0xz  T_11.0, 8;
    %pushi/vec4 0, 0, 2;
    %assign/vec4 v0000020abe7fc140_0, 0;
    %jmp T_11.1;
T_11.0 ;
    %load/vec4 v0000020abe7fc1e0_0;
    %cmpi/e 1, 0, 1;
    %jmp/0xz  T_11.2, 4;
    %load/vec4 v0000020abe7fc140_0;
    %addi 1, 0, 2;
    %assign/vec4 v0000020abe7fc140_0, 0;
T_11.2 ;
T_11.1 ;
    %jmp T_11;
    .thread T_11;
    .scope S_0000020abe7bf690;
T_12 ;
    %wait E_0000020abe803e70;
    %load/vec4 v0000020abe7fd400_0;
    %load/vec4 v0000020abe7fd900_0;
    %cmp/e;
    %jmp/0xz  T_12.0, 4;
    %pushi/vec4 1, 0, 1;
    %store/vec4 v0000020abe7fc820_0, 0, 1;
    %jmp T_12.1;
T_12.0 ;
    %pushi/vec4 0, 0, 1;
    %store/vec4 v0000020abe7fc820_0, 0, 1;
T_12.1 ;
    %jmp T_12;
    .thread T_12, $push;
    .scope S_0000020abe7628f0;
T_13 ;
    %wait E_0000020abe8040f0;
    %load/vec4 v0000020abe898120_0;
    %flag_set/vec4 8;
    %jmp/0xz  T_13.0, 8;
    %pushi/vec4 0, 0, 5;
    %assign/vec4 v0000020abe898c60_0, 0;
    %jmp T_13.1;
T_13.0 ;
    %load/vec4 v0000020abe899ca0_0;
    %flag_set/vec4 8;
    %jmp/0xz  T_13.2, 8;
    %load/vec4 v0000020abe898580_0;
    %assign/vec4 v0000020abe898c60_0, 0;
T_13.2 ;
T_13.1 ;
    %jmp T_13;
    .thread T_13;
    .scope S_0000020abe762760;
T_14 ;
    %wait E_0000020abe8040f0;
    %load/vec4 v0000020abe898800_0;
    %flag_set/vec4 8;
    %jmp/0xz  T_14.0, 8;
    %pushi/vec4 0, 0, 4;
    %assign/vec4 v0000020abe898b20_0, 0;
    %jmp T_14.1;
T_14.0 ;
    %load/vec4 v0000020abe899700_0;
    %flag_set/vec4 8;
    %jmp/0xz  T_14.2, 8;
    %load/vec4 v0000020abe898760_0;
    %assign/vec4 v0000020abe898b20_0, 0;
T_14.2 ;
T_14.1 ;
    %jmp T_14;
    .thread T_14;
    .scope S_0000020abe7f6490;
T_15 ;
    %wait E_0000020abe8040f0;
    %load/vec4 v0000020abe7fdc20_0;
    %flag_set/vec4 8;
    %jmp/0xz  T_15.0, 8;
    %pushi/vec4 0, 0, 1;
    %assign/vec4 v0000020abe7fd4a0_0, 0;
    %pushi/vec4 0, 0, 1;
    %assign/vec4 v0000020abe7fd180_0, 0;
    %pushi/vec4 0, 0, 1;
    %assign/vec4 v0000020abe7fc500_0, 0;
    %pushi/vec4 0, 0, 1;
    %assign/vec4 v0000020abe7fd5e0_0, 0;
    %pushi/vec4 0, 0, 1;
    %assign/vec4 v0000020abe7fc6e0_0, 0;
    %pushi/vec4 0, 0, 1;
    %assign/vec4 v0000020abe7fcc80_0, 0;
    %pushi/vec4 0, 0, 1;
    %assign/vec4 v0000020abe7fd040_0, 0;
    %pushi/vec4 0, 0, 1;
    %assign/vec4 v0000020abe7fc5a0_0, 0;
    %pushi/vec4 0, 0, 1;
    %assign/vec4 v0000020abe7fde00_0, 0;
    %pushi/vec4 0, 0, 1;
    %assign/vec4 v0000020abe7fc8c0_0, 0;
    %pushi/vec4 0, 0, 4;
    %assign/vec4 v0000020abe7fdb80_0, 0;
    %jmp T_15.1;
T_15.0 ;
    %load/vec4 v0000020abe7fdea0_0;
    %assign/vec4 v0000020abe7fdb80_0, 0;
T_15.1 ;
    %jmp T_15;
    .thread T_15;
    .scope S_0000020abe7f6490;
T_16 ;
    %wait E_0000020abe8039f0;
    %load/vec4 v0000020abe7fdb80_0;
    %dup/vec4;
    %pushi/vec4 0, 0, 4;
    %cmp/u;
    %jmp/1 T_16.0, 6;
    %dup/vec4;
    %pushi/vec4 1, 0, 4;
    %cmp/u;
    %jmp/1 T_16.1, 6;
    %dup/vec4;
    %pushi/vec4 3, 0, 4;
    %cmp/u;
    %jmp/1 T_16.2, 6;
    %dup/vec4;
    %pushi/vec4 4, 0, 4;
    %cmp/u;
    %jmp/1 T_16.3, 6;
    %dup/vec4;
    %pushi/vec4 5, 0, 4;
    %cmp/u;
    %jmp/1 T_16.4, 6;
    %dup/vec4;
    %pushi/vec4 6, 0, 4;
    %cmp/u;
    %jmp/1 T_16.5, 6;
    %dup/vec4;
    %pushi/vec4 7, 0, 4;
    %cmp/u;
    %jmp/1 T_16.6, 6;
    %dup/vec4;
    %pushi/vec4 8, 0, 4;
    %cmp/u;
    %jmp/1 T_16.7, 6;
    %dup/vec4;
    %pushi/vec4 9, 0, 4;
    %cmp/u;
    %jmp/1 T_16.8, 6;
    %dup/vec4;
    %pushi/vec4 10, 0, 4;
    %cmp/u;
    %jmp/1 T_16.9, 6;
    %dup/vec4;
    %pushi/vec4 11, 0, 4;
    %cmp/u;
    %jmp/1 T_16.10, 6;
    %dup/vec4;
    %pushi/vec4 12, 0, 4;
    %cmp/u;
    %jmp/1 T_16.11, 6;
    %pushi/vec4 0, 0, 4;
    %store/vec4 v0000020abe7fdea0_0, 0, 4;
    %jmp T_16.13;
T_16.0 ;
    %load/vec4 v0000020abe7fd680_0;
    %cmpi/e 1, 0, 1;
    %flag_mov 8, 4;
    %jmp/0 T_16.14, 8;
    %pushi/vec4 1, 0, 4;
    %jmp/1 T_16.15, 8;
T_16.14 ; End of true expr.
    %pushi/vec4 0, 0, 4;
    %jmp/0 T_16.15, 8;
 ; End of false expr.
    %blend;
T_16.15;
    %store/vec4 v0000020abe7fdea0_0, 0, 4;
    %jmp T_16.13;
T_16.1 ;
    %pushi/vec4 3, 0, 4;
    %store/vec4 v0000020abe7fdea0_0, 0, 4;
    %jmp T_16.13;
T_16.2 ;
    %pushi/vec4 4, 0, 4;
    %store/vec4 v0000020abe7fdea0_0, 0, 4;
    %jmp T_16.13;
T_16.3 ;
    %load/vec4 v0000020abe7fca00_0;
    %cmpi/e 1, 0, 1;
    %flag_mov 8, 4;
    %jmp/0 T_16.16, 8;
    %pushi/vec4 5, 0, 4;
    %jmp/1 T_16.17, 8;
T_16.16 ; End of true expr.
    %pushi/vec4 6, 0, 4;
    %jmp/0 T_16.17, 8;
 ; End of false expr.
    %blend;
T_16.17;
    %store/vec4 v0000020abe7fdea0_0, 0, 4;
    %jmp T_16.13;
T_16.4 ;
    %pushi/vec4 7, 0, 4;
    %store/vec4 v0000020abe7fdea0_0, 0, 4;
    %jmp T_16.13;
T_16.5 ;
    %pushi/vec4 7, 0, 4;
    %store/vec4 v0000020abe7fdea0_0, 0, 4;
    %jmp T_16.13;
T_16.6 ;
    %pushi/vec4 8, 0, 4;
    %store/vec4 v0000020abe7fdea0_0, 0, 4;
    %jmp T_16.13;
T_16.7 ;
    %load/vec4 v0000020abe7fcdc0_0;
    %cmpi/e 1, 0, 1;
    %flag_mov 8, 4;
    %jmp/0 T_16.18, 8;
    %pushi/vec4 10, 0, 4;
    %jmp/1 T_16.19, 8;
T_16.18 ; End of true expr.
    %pushi/vec4 9, 0, 4;
    %jmp/0 T_16.19, 8;
 ; End of false expr.
    %blend;
T_16.19;
    %store/vec4 v0000020abe7fdea0_0, 0, 4;
    %jmp T_16.13;
T_16.8 ;
    %pushi/vec4 3, 0, 4;
    %store/vec4 v0000020abe7fdea0_0, 0, 4;
    %jmp T_16.13;
T_16.9 ;
    %load/vec4 v0000020abe7fca00_0;
    %cmpi/e 1, 0, 1;
    %flag_mov 8, 4;
    %jmp/0 T_16.20, 8;
    %pushi/vec4 11, 0, 4;
    %jmp/1 T_16.21, 8;
T_16.20 ; End of true expr.
    %pushi/vec4 12, 0, 4;
    %jmp/0 T_16.21, 8;
 ; End of false expr.
    %blend;
T_16.21;
    %store/vec4 v0000020abe7fdea0_0, 0, 4;
    %jmp T_16.13;
T_16.10 ;
    %pushi/vec4 12, 0, 4;
    %store/vec4 v0000020abe7fdea0_0, 0, 4;
    %jmp T_16.13;
T_16.11 ;
    %pushi/vec4 0, 0, 4;
    %store/vec4 v0000020abe7fdea0_0, 0, 4;
    %jmp T_16.13;
T_16.13 ;
    %pop/vec4 1;
    %jmp T_16;
    .thread T_16, $push;
    .scope S_0000020abe7f6490;
T_17 ;
    %wait E_0000020abe8036f0;
    %load/vec4 v0000020abe7fdb80_0;
    %dup/vec4;
    %pushi/vec4 0, 0, 4;
    %cmp/u;
    %jmp/1 T_17.0, 6;
    %dup/vec4;
    %pushi/vec4 1, 0, 4;
    %cmp/u;
    %jmp/1 T_17.1, 6;
    %dup/vec4;
    %pushi/vec4 3, 0, 4;
    %cmp/u;
    %jmp/1 T_17.2, 6;
    %dup/vec4;
    %pushi/vec4 4, 0, 4;
    %cmp/u;
    %jmp/1 T_17.3, 6;
    %dup/vec4;
    %pushi/vec4 5, 0, 4;
    %cmp/u;
    %jmp/1 T_17.4, 6;
    %dup/vec4;
    %pushi/vec4 6, 0, 4;
    %cmp/u;
    %jmp/1 T_17.5, 6;
    %dup/vec4;
    %pushi/vec4 7, 0, 4;
    %cmp/u;
    %jmp/1 T_17.6, 6;
    %dup/vec4;
    %pushi/vec4 8, 0, 4;
    %cmp/u;
    %jmp/1 T_17.7, 6;
    %dup/vec4;
    %pushi/vec4 9, 0, 4;
    %cmp/u;
    %jmp/1 T_17.8, 6;
    %dup/vec4;
    %pushi/vec4 10, 0, 4;
    %cmp/u;
    %jmp/1 T_17.9, 6;
    %dup/vec4;
    %pushi/vec4 11, 0, 4;
    %cmp/u;
    %jmp/1 T_17.10, 6;
    %dup/vec4;
    %pushi/vec4 12, 0, 4;
    %cmp/u;
    %jmp/1 T_17.11, 6;
    %pushi/vec4 0, 0, 1;
    %store/vec4 v0000020abe7fde00_0, 0, 1;
    %pushi/vec4 0, 0, 1;
    %store/vec4 v0000020abe7fd4a0_0, 0, 1;
    %pushi/vec4 0, 0, 1;
    %store/vec4 v0000020abe7fd180_0, 0, 1;
    %pushi/vec4 0, 0, 1;
    %store/vec4 v0000020abe7fc500_0, 0, 1;
    %pushi/vec4 0, 0, 1;
    %store/vec4 v0000020abe7fd5e0_0, 0, 1;
    %pushi/vec4 0, 0, 1;
    %store/vec4 v0000020abe7fc6e0_0, 0, 1;
    %pushi/vec4 0, 0, 1;
    %store/vec4 v0000020abe7fcc80_0, 0, 1;
    %pushi/vec4 0, 0, 1;
    %store/vec4 v0000020abe7fc5a0_0, 0, 1;
    %pushi/vec4 0, 0, 1;
    %store/vec4 v0000020abe7fc8c0_0, 0, 1;
    %pushi/vec4 0, 0, 1;
    %store/vec4 v0000020abe7fd040_0, 0, 1;
    %jmp T_17.13;
T_17.0 ;
    %pushi/vec4 0, 0, 1;
    %store/vec4 v0000020abe7fde00_0, 0, 1;
    %pushi/vec4 0, 0, 1;
    %store/vec4 v0000020abe7fd4a0_0, 0, 1;
    %pushi/vec4 0, 0, 1;
    %store/vec4 v0000020abe7fd180_0, 0, 1;
    %pushi/vec4 0, 0, 1;
    %store/vec4 v0000020abe7fc500_0, 0, 1;
    %pushi/vec4 0, 0, 1;
    %store/vec4 v0000020abe7fd5e0_0, 0, 1;
    %pushi/vec4 0, 0, 1;
    %store/vec4 v0000020abe7fc6e0_0, 0, 1;
    %pushi/vec4 0, 0, 1;
    %store/vec4 v0000020abe7fcc80_0, 0, 1;
    %pushi/vec4 0, 0, 1;
    %store/vec4 v0000020abe7fc5a0_0, 0, 1;
    %pushi/vec4 0, 0, 1;
    %store/vec4 v0000020abe7fc8c0_0, 0, 1;
    %pushi/vec4 0, 0, 1;
    %store/vec4 v0000020abe7fd040_0, 0, 1;
    %pushi/vec4 0, 0, 1;
    %store/vec4 v0000020abe7fc280_0, 0, 1;
    %jmp T_17.13;
T_17.1 ;
    %pushi/vec4 0, 0, 1;
    %store/vec4 v0000020abe7fde00_0, 0, 1;
    %pushi/vec4 1, 0, 1;
    %store/vec4 v0000020abe7fd4a0_0, 0, 1;
    %pushi/vec4 1, 0, 1;
    %store/vec4 v0000020abe7fd180_0, 0, 1;
    %pushi/vec4 1, 0, 1;
    %store/vec4 v0000020abe7fc500_0, 0, 1;
    %pushi/vec4 1, 0, 1;
    %store/vec4 v0000020abe7fd5e0_0, 0, 1;
    %pushi/vec4 0, 0, 1;
    %store/vec4 v0000020abe7fc6e0_0, 0, 1;
    %pushi/vec4 0, 0, 1;
    %store/vec4 v0000020abe7fcc80_0, 0, 1;
    %pushi/vec4 0, 0, 1;
    %store/vec4 v0000020abe7fc5a0_0, 0, 1;
    %pushi/vec4 0, 0, 1;
    %store/vec4 v0000020abe7fc8c0_0, 0, 1;
    %pushi/vec4 0, 0, 1;
    %store/vec4 v0000020abe7fd040_0, 0, 1;
    %pushi/vec4 0, 0, 1;
    %store/vec4 v0000020abe7fc280_0, 0, 1;
    %jmp T_17.13;
T_17.2 ;
    %pushi/vec4 0, 0, 1;
    %store/vec4 v0000020abe7fde00_0, 0, 1;
    %pushi/vec4 0, 0, 1;
    %store/vec4 v0000020abe7fd4a0_0, 0, 1;
    %pushi/vec4 0, 0, 1;
    %store/vec4 v0000020abe7fd180_0, 0, 1;
    %pushi/vec4 0, 0, 1;
    %store/vec4 v0000020abe7fc500_0, 0, 1;
    %pushi/vec4 0, 0, 1;
    %store/vec4 v0000020abe7fd5e0_0, 0, 1;
    %pushi/vec4 1, 0, 1;
    %store/vec4 v0000020abe7fc6e0_0, 0, 1;
    %pushi/vec4 0, 0, 1;
    %store/vec4 v0000020abe7fcc80_0, 0, 1;
    %pushi/vec4 0, 0, 1;
    %store/vec4 v0000020abe7fc5a0_0, 0, 1;
    %pushi/vec4 0, 0, 1;
    %store/vec4 v0000020abe7fc8c0_0, 0, 1;
    %pushi/vec4 0, 0, 1;
    %store/vec4 v0000020abe7fd040_0, 0, 1;
    %pushi/vec4 0, 0, 1;
    %store/vec4 v0000020abe7fc280_0, 0, 1;
    %jmp T_17.13;
T_17.3 ;
    %pushi/vec4 0, 0, 1;
    %store/vec4 v0000020abe7fde00_0, 0, 1;
    %pushi/vec4 0, 0, 1;
    %store/vec4 v0000020abe7fd4a0_0, 0, 1;
    %pushi/vec4 0, 0, 1;
    %store/vec4 v0000020abe7fd180_0, 0, 1;
    %pushi/vec4 0, 0, 1;
    %store/vec4 v0000020abe7fc500_0, 0, 1;
    %pushi/vec4 0, 0, 1;
    %store/vec4 v0000020abe7fd5e0_0, 0, 1;
    %pushi/vec4 0, 0, 1;
    %store/vec4 v0000020abe7fc6e0_0, 0, 1;
    %pushi/vec4 0, 0, 1;
    %store/vec4 v0000020abe7fcc80_0, 0, 1;
    %pushi/vec4 0, 0, 1;
    %store/vec4 v0000020abe7fc5a0_0, 0, 1;
    %pushi/vec4 0, 0, 1;
    %store/vec4 v0000020abe7fc8c0_0, 0, 1;
    %pushi/vec4 0, 0, 1;
    %store/vec4 v0000020abe7fd040_0, 0, 1;
    %pushi/vec4 0, 0, 1;
    %store/vec4 v0000020abe7fc280_0, 0, 1;
    %jmp T_17.13;
T_17.4 ;
    %pushi/vec4 0, 0, 1;
    %store/vec4 v0000020abe7fde00_0, 0, 1;
    %pushi/vec4 0, 0, 1;
    %store/vec4 v0000020abe7fd4a0_0, 0, 1;
    %pushi/vec4 0, 0, 1;
    %store/vec4 v0000020abe7fd180_0, 0, 1;
    %pushi/vec4 0, 0, 1;
    %store/vec4 v0000020abe7fc500_0, 0, 1;
    %pushi/vec4 0, 0, 1;
    %store/vec4 v0000020abe7fd5e0_0, 0, 1;
    %pushi/vec4 0, 0, 1;
    %store/vec4 v0000020abe7fc6e0_0, 0, 1;
    %pushi/vec4 0, 0, 1;
    %store/vec4 v0000020abe7fcc80_0, 0, 1;
    %pushi/vec4 0, 0, 1;
    %store/vec4 v0000020abe7fc5a0_0, 0, 1;
    %pushi/vec4 0, 0, 1;
    %store/vec4 v0000020abe7fc8c0_0, 0, 1;
    %pushi/vec4 1, 0, 1;
    %store/vec4 v0000020abe7fd040_0, 0, 1;
    %pushi/vec4 0, 0, 1;
    %store/vec4 v0000020abe7fc280_0, 0, 1;
    %jmp T_17.13;
T_17.5 ;
    %pushi/vec4 0, 0, 1;
    %store/vec4 v0000020abe7fde00_0, 0, 1;
    %pushi/vec4 0, 0, 1;
    %store/vec4 v0000020abe7fd4a0_0, 0, 1;
    %pushi/vec4 0, 0, 1;
    %store/vec4 v0000020abe7fd180_0, 0, 1;
    %pushi/vec4 0, 0, 1;
    %store/vec4 v0000020abe7fc500_0, 0, 1;
    %pushi/vec4 0, 0, 1;
    %store/vec4 v0000020abe7fd5e0_0, 0, 1;
    %pushi/vec4 0, 0, 1;
    %store/vec4 v0000020abe7fc6e0_0, 0, 1;
    %pushi/vec4 0, 0, 1;
    %store/vec4 v0000020abe7fcc80_0, 0, 1;
    %pushi/vec4 0, 0, 1;
    %store/vec4 v0000020abe7fc5a0_0, 0, 1;
    %pushi/vec4 0, 0, 1;
    %store/vec4 v0000020abe7fc8c0_0, 0, 1;
    %pushi/vec4 0, 0, 1;
    %store/vec4 v0000020abe7fd040_0, 0, 1;
    %pushi/vec4 0, 0, 1;
    %store/vec4 v0000020abe7fc280_0, 0, 1;
    %jmp T_17.13;
T_17.6 ;
    %pushi/vec4 0, 0, 1;
    %store/vec4 v0000020abe7fde00_0, 0, 1;
    %pushi/vec4 0, 0, 1;
    %store/vec4 v0000020abe7fd4a0_0, 0, 1;
    %pushi/vec4 0, 0, 1;
    %store/vec4 v0000020abe7fd180_0, 0, 1;
    %pushi/vec4 1, 0, 1;
    %store/vec4 v0000020abe7fc500_0, 0, 1;
    %pushi/vec4 1, 0, 1;
    %store/vec4 v0000020abe7fd5e0_0, 0, 1;
    %pushi/vec4 0, 0, 1;
    %store/vec4 v0000020abe7fc6e0_0, 0, 1;
    %pushi/vec4 0, 0, 1;
    %store/vec4 v0000020abe7fcc80_0, 0, 1;
    %pushi/vec4 1, 0, 1;
    %store/vec4 v0000020abe7fc5a0_0, 0, 1;
    %pushi/vec4 0, 0, 1;
    %store/vec4 v0000020abe7fc8c0_0, 0, 1;
    %pushi/vec4 0, 0, 1;
    %store/vec4 v0000020abe7fc280_0, 0, 1;
    %jmp T_17.13;
T_17.7 ;
    %pushi/vec4 0, 0, 1;
    %store/vec4 v0000020abe7fde00_0, 0, 1;
    %pushi/vec4 0, 0, 1;
    %store/vec4 v0000020abe7fd4a0_0, 0, 1;
    %pushi/vec4 0, 0, 1;
    %store/vec4 v0000020abe7fd180_0, 0, 1;
    %pushi/vec4 1, 0, 1;
    %store/vec4 v0000020abe7fc500_0, 0, 1;
    %pushi/vec4 1, 0, 1;
    %store/vec4 v0000020abe7fd5e0_0, 0, 1;
    %pushi/vec4 0, 0, 1;
    %store/vec4 v0000020abe7fc6e0_0, 0, 1;
    %pushi/vec4 0, 0, 1;
    %store/vec4 v0000020abe7fcc80_0, 0, 1;
    %pushi/vec4 0, 0, 1;
    %store/vec4 v0000020abe7fc5a0_0, 0, 1;
    %pushi/vec4 0, 0, 1;
    %store/vec4 v0000020abe7fc8c0_0, 0, 1;
    %pushi/vec4 0, 0, 1;
    %store/vec4 v0000020abe7fc280_0, 0, 1;
    %jmp T_17.13;
T_17.8 ;
    %pushi/vec4 1, 0, 1;
    %store/vec4 v0000020abe7fde00_0, 0, 1;
    %pushi/vec4 0, 0, 1;
    %store/vec4 v0000020abe7fd4a0_0, 0, 1;
    %pushi/vec4 0, 0, 1;
    %store/vec4 v0000020abe7fd180_0, 0, 1;
    %pushi/vec4 0, 0, 1;
    %store/vec4 v0000020abe7fc500_0, 0, 1;
    %pushi/vec4 0, 0, 1;
    %store/vec4 v0000020abe7fd5e0_0, 0, 1;
    %pushi/vec4 0, 0, 1;
    %store/vec4 v0000020abe7fc6e0_0, 0, 1;
    %pushi/vec4 0, 0, 1;
    %store/vec4 v0000020abe7fcc80_0, 0, 1;
    %pushi/vec4 0, 0, 1;
    %store/vec4 v0000020abe7fc5a0_0, 0, 1;
    %pushi/vec4 0, 0, 1;
    %store/vec4 v0000020abe7fc8c0_0, 0, 1;
    %pushi/vec4 0, 0, 1;
    %store/vec4 v0000020abe7fc280_0, 0, 1;
    %jmp T_17.13;
T_17.9 ;
    %pushi/vec4 0, 0, 1;
    %store/vec4 v0000020abe7fde00_0, 0, 1;
    %pushi/vec4 0, 0, 1;
    %store/vec4 v0000020abe7fd4a0_0, 0, 1;
    %pushi/vec4 0, 0, 1;
    %store/vec4 v0000020abe7fd180_0, 0, 1;
    %pushi/vec4 0, 0, 1;
    %store/vec4 v0000020abe7fc500_0, 0, 1;
    %pushi/vec4 0, 0, 1;
    %store/vec4 v0000020abe7fd5e0_0, 0, 1;
    %pushi/vec4 0, 0, 1;
    %store/vec4 v0000020abe7fc6e0_0, 0, 1;
    %pushi/vec4 0, 0, 1;
    %store/vec4 v0000020abe7fcc80_0, 0, 1;
    %pushi/vec4 0, 0, 1;
    %store/vec4 v0000020abe7fc5a0_0, 0, 1;
    %pushi/vec4 0, 0, 1;
    %store/vec4 v0000020abe7fc8c0_0, 0, 1;
    %pushi/vec4 0, 0, 1;
    %store/vec4 v0000020abe7fc280_0, 0, 1;
    %jmp T_17.13;
T_17.10 ;
    %pushi/vec4 0, 0, 1;
    %store/vec4 v0000020abe7fde00_0, 0, 1;
    %pushi/vec4 0, 0, 1;
    %store/vec4 v0000020abe7fd4a0_0, 0, 1;
    %pushi/vec4 0, 0, 1;
    %store/vec4 v0000020abe7fd180_0, 0, 1;
    %pushi/vec4 0, 0, 1;
    %store/vec4 v0000020abe7fc500_0, 0, 1;
    %pushi/vec4 0, 0, 1;
    %store/vec4 v0000020abe7fd5e0_0, 0, 1;
    %pushi/vec4 0, 0, 1;
    %store/vec4 v0000020abe7fc6e0_0, 0, 1;
    %pushi/vec4 1, 0, 1;
    %store/vec4 v0000020abe7fcc80_0, 0, 1;
    %pushi/vec4 0, 0, 1;
    %store/vec4 v0000020abe7fc5a0_0, 0, 1;
    %pushi/vec4 1, 0, 1;
    %store/vec4 v0000020abe7fc8c0_0, 0, 1;
    %pushi/vec4 1, 0, 1;
    %store/vec4 v0000020abe7fd040_0, 0, 1;
    %pushi/vec4 0, 0, 1;
    %store/vec4 v0000020abe7fc280_0, 0, 1;
    %jmp T_17.13;
T_17.11 ;
    %pushi/vec4 0, 0, 1;
    %store/vec4 v0000020abe7fde00_0, 0, 1;
    %pushi/vec4 0, 0, 1;
    %store/vec4 v0000020abe7fd4a0_0, 0, 1;
    %pushi/vec4 0, 0, 1;
    %store/vec4 v0000020abe7fd180_0, 0, 1;
    %pushi/vec4 0, 0, 1;
    %store/vec4 v0000020abe7fc500_0, 0, 1;
    %pushi/vec4 0, 0, 1;
    %store/vec4 v0000020abe7fd5e0_0, 0, 1;
    %pushi/vec4 0, 0, 1;
    %store/vec4 v0000020abe7fc6e0_0, 0, 1;
    %pushi/vec4 0, 0, 1;
    %store/vec4 v0000020abe7fc5a0_0, 0, 1;
    %pushi/vec4 1, 0, 1;
    %store/vec4 v0000020abe7fc8c0_0, 0, 1;
    %pushi/vec4 1, 0, 1;
    %store/vec4 v0000020abe7fc280_0, 0, 1;
    %jmp T_17.13;
T_17.13 ;
    %pop/vec4 1;
    %jmp T_17;
    .thread T_17, $push;
    .scope S_0000020abe89cf50;
T_18 ;
    %wait E_0000020abe803fb0;
    %pushi/vec4 14, 0, 4;
    %assign/vec4 v0000020abe89ddd0_0, 0;
    %jmp T_18;
    .thread T_18;
    .scope S_0000020abe89cf50;
T_19 ;
    %wait E_0000020abe8037f0;
    %load/vec4 v0000020abe89df10_0;
    %dup/vec4;
    %pushi/vec4 0, 0, 4;
    %cmp/u;
    %jmp/1 T_19.0, 6;
    %dup/vec4;
    %pushi/vec4 1, 0, 4;
    %cmp/u;
    %jmp/1 T_19.1, 6;
    %dup/vec4;
    %pushi/vec4 2, 0, 4;
    %cmp/u;
    %jmp/1 T_19.2, 6;
    %dup/vec4;
    %pushi/vec4 3, 0, 4;
    %cmp/u;
    %jmp/1 T_19.3, 6;
    %dup/vec4;
    %pushi/vec4 4, 0, 4;
    %cmp/u;
    %jmp/1 T_19.4, 6;
    %dup/vec4;
    %pushi/vec4 5, 0, 4;
    %cmp/u;
    %jmp/1 T_19.5, 6;
    %dup/vec4;
    %pushi/vec4 6, 0, 4;
    %cmp/u;
    %jmp/1 T_19.6, 6;
    %dup/vec4;
    %pushi/vec4 7, 0, 4;
    %cmp/u;
    %jmp/1 T_19.7, 6;
    %dup/vec4;
    %pushi/vec4 8, 0, 4;
    %cmp/u;
    %jmp/1 T_19.8, 6;
    %dup/vec4;
    %pushi/vec4 9, 0, 4;
    %cmp/u;
    %jmp/1 T_19.9, 6;
    %dup/vec4;
    %pushi/vec4 10, 0, 4;
    %cmp/u;
    %jmp/1 T_19.10, 6;
    %dup/vec4;
    %pushi/vec4 11, 0, 4;
    %cmp/u;
    %jmp/1 T_19.11, 6;
    %dup/vec4;
    %pushi/vec4 12, 0, 4;
    %cmp/u;
    %jmp/1 T_19.12, 6;
    %dup/vec4;
    %pushi/vec4 13, 0, 4;
    %cmp/u;
    %jmp/1 T_19.13, 6;
    %dup/vec4;
    %pushi/vec4 14, 0, 4;
    %cmp/u;
    %jmp/1 T_19.14, 6;
    %dup/vec4;
    %pushi/vec4 15, 0, 4;
    %cmp/u;
    %jmp/1 T_19.15, 6;
    %pushi/vec4 0, 0, 7;
    %store/vec4 v0000020abe89db50_0, 0, 7;
    %jmp T_19.17;
T_19.0 ;
    %pushi/vec4 1, 0, 7;
    %store/vec4 v0000020abe89db50_0, 0, 7;
    %jmp T_19.17;
T_19.1 ;
    %pushi/vec4 79, 0, 7;
    %store/vec4 v0000020abe89db50_0, 0, 7;
    %jmp T_19.17;
T_19.2 ;
    %pushi/vec4 18, 0, 7;
    %store/vec4 v0000020abe89db50_0, 0, 7;
    %jmp T_19.17;
T_19.3 ;
    %pushi/vec4 6, 0, 7;
    %store/vec4 v0000020abe89db50_0, 0, 7;
    %jmp T_19.17;
T_19.4 ;
    %pushi/vec4 76, 0, 7;
    %store/vec4 v0000020abe89db50_0, 0, 7;
    %jmp T_19.17;
T_19.5 ;
    %pushi/vec4 36, 0, 7;
    %store/vec4 v0000020abe89db50_0, 0, 7;
    %jmp T_19.17;
T_19.6 ;
    %pushi/vec4 32, 0, 7;
    %store/vec4 v0000020abe89db50_0, 0, 7;
    %jmp T_19.17;
T_19.7 ;
    %pushi/vec4 15, 0, 7;
    %store/vec4 v0000020abe89db50_0, 0, 7;
    %jmp T_19.17;
T_19.8 ;
    %pushi/vec4 0, 0, 7;
    %store/vec4 v0000020abe89db50_0, 0, 7;
    %jmp T_19.17;
T_19.9 ;
    %pushi/vec4 12, 0, 7;
    %store/vec4 v0000020abe89db50_0, 0, 7;
    %jmp T_19.17;
T_19.10 ;
    %pushi/vec4 8, 0, 7;
    %store/vec4 v0000020abe89db50_0, 0, 7;
    %jmp T_19.17;
T_19.11 ;
    %pushi/vec4 96, 0, 7;
    %store/vec4 v0000020abe89db50_0, 0, 7;
    %jmp T_19.17;
T_19.12 ;
    %pushi/vec4 49, 0, 7;
    %store/vec4 v0000020abe89db50_0, 0, 7;
    %jmp T_19.17;
T_19.13 ;
    %pushi/vec4 66, 0, 7;
    %store/vec4 v0000020abe89db50_0, 0, 7;
    %jmp T_19.17;
T_19.14 ;
    %pushi/vec4 16, 0, 7;
    %store/vec4 v0000020abe89db50_0, 0, 7;
    %jmp T_19.17;
T_19.15 ;
    %pushi/vec4 56, 0, 7;
    %store/vec4 v0000020abe89db50_0, 0, 7;
    %jmp T_19.17;
T_19.17 ;
    %pop/vec4 1;
    %jmp T_19;
    .thread T_19, $push;
# The file index is used to find the file name in the following table.
:file_names 17;
    "N/A";
    "<interactive>";
    "non_restoring_division_topmodule.v";
    "./non_restoring_division_controlpath.v";
    "./non_restoring_division_datapath.v";
    "./register_a.v";
    "./register_q.v";
    "./adder.v";
    "./comparator.v";
    "./comparator_1bit.v";
    "./counter.v";
    "./mux_2x1.v";
    "./mux_2x1_16bit.v";
    "./shift_register_a.v";
    "./shift_register_q.v";
    "./subtractor.v";
    "./lcd_module.v";
