#! /c/Source/iverilog-install/bin/vvp
:ivl_version "12.0 (devel)" "(s20150603-1539-g2693dd32b)";
:ivl_delay_selection "TYPICAL";
:vpi_time_precision + 0;
:vpi_module "C:\iverilog\lib\ivl\system.vpi";
:vpi_module "C:\iverilog\lib\ivl\vhdl_sys.vpi";
:vpi_module "C:\iverilog\lib\ivl\vhdl_textio.vpi";
:vpi_module "C:\iverilog\lib\ivl\v2005_math.vpi";
:vpi_module "C:\iverilog\lib\ivl\va_math.vpi";
S_000002485dc12830 .scope module, "register_a" "register_a" 2 1;
 .timescale 0 0;
    .port_info 0 /INPUT 1 "rst";
    .port_info 1 /INPUT 1 "clk";
    .port_info 2 /INPUT 1 "ld_register";
    .port_info 3 /INPUT 17 "input_data";
    .port_info 4 /OUTPUT 17 "output_data";
o000002485dc46fb8 .functor BUFZ 1, C4<z>; HiZ drive
v000002485dc12d80_0 .net "clk", 0 0, o000002485dc46fb8;  0 drivers
o000002485dc46fe8 .functor BUFZ 17, C4<zzzzzzzzzzzzzzzzz>; HiZ drive
v000002485dc129c0_0 .net "input_data", 16 0, o000002485dc46fe8;  0 drivers
o000002485dc47018 .functor BUFZ 1, C4<z>; HiZ drive
v000002485dc12a60_0 .net "ld_register", 0 0, o000002485dc47018;  0 drivers
v000002485dc12b00_0 .var "output_data", 16 0;
o000002485dc47078 .functor BUFZ 1, C4<z>; HiZ drive
v000002485dbfeb90_0 .net "rst", 0 0, o000002485dc47078;  0 drivers
E_000002485dc44ef0 .event posedge, v000002485dbfeb90_0, v000002485dc12d80_0;
    .scope S_000002485dc12830;
T_0 ;
    %wait E_000002485dc44ef0;
    %load/vec4 v000002485dbfeb90_0;
    %flag_set/vec4 8;
    %jmp/0xz  T_0.0, 8;
    %pushi/vec4 0, 0, 17;
    %assign/vec4 v000002485dc12b00_0, 0;
    %jmp T_0.1;
T_0.0 ;
    %load/vec4 v000002485dc12a60_0;
    %flag_set/vec4 8;
    %jmp/0xz  T_0.2, 8;
    %load/vec4 v000002485dc129c0_0;
    %assign/vec4 v000002485dc12b00_0, 0;
T_0.2 ;
T_0.1 ;
    %jmp T_0;
    .thread T_0;
# The file index is used to find the file name in the following table.
:file_names 3;
    "N/A";
    "<interactive>";
    "register_a.v";
