#! /c/Source/iverilog-install/bin/vvp
:ivl_version "12.0 (devel)" "(s20150603-1539-g2693dd32b)";
:ivl_delay_selection "TYPICAL";
:vpi_time_precision + 0;
:vpi_module "C:\iverilog\lib\ivl\system.vpi";
:vpi_module "C:\iverilog\lib\ivl\vhdl_sys.vpi";
:vpi_module "C:\iverilog\lib\ivl\vhdl_textio.vpi";
:vpi_module "C:\iverilog\lib\ivl\v2005_math.vpi";
:vpi_module "C:\iverilog\lib\ivl\va_math.vpi";
S_0000021376412830 .scope module, "register_q" "register_q" 2 1;
 .timescale 0 0;
    .port_info 0 /INPUT 1 "rst";
    .port_info 1 /INPUT 1 "clk";
    .port_info 2 /INPUT 1 "ld_register";
    .port_info 3 /INPUT 16 "input_data";
    .port_info 4 /OUTPUT 16 "output_data";
o0000021376446fb8 .functor BUFZ 1, C4<z>; HiZ drive
v0000021376412d80_0 .net "clk", 0 0, o0000021376446fb8;  0 drivers
o0000021376446fe8 .functor BUFZ 16, C4<zzzzzzzzzzzzzzzz>; HiZ drive
v00000213764129c0_0 .net "input_data", 15 0, o0000021376446fe8;  0 drivers
o0000021376447018 .functor BUFZ 1, C4<z>; HiZ drive
v0000021376412a60_0 .net "ld_register", 0 0, o0000021376447018;  0 drivers
v0000021376412b00_0 .var "output_data", 15 0;
o0000021376447078 .functor BUFZ 1, C4<z>; HiZ drive
v00000213763feb90_0 .net "rst", 0 0, o0000021376447078;  0 drivers
E_0000021376444cb0 .event posedge, v00000213763feb90_0, v0000021376412d80_0;
    .scope S_0000021376412830;
T_0 ;
    %wait E_0000021376444cb0;
    %load/vec4 v00000213763feb90_0;
    %flag_set/vec4 8;
    %jmp/0xz  T_0.0, 8;
    %pushi/vec4 0, 0, 16;
    %assign/vec4 v0000021376412b00_0, 0;
    %jmp T_0.1;
T_0.0 ;
    %load/vec4 v0000021376412a60_0;
    %flag_set/vec4 8;
    %jmp/0xz  T_0.2, 8;
    %load/vec4 v00000213764129c0_0;
    %assign/vec4 v0000021376412b00_0, 0;
T_0.2 ;
T_0.1 ;
    %jmp T_0;
    .thread T_0;
# The file index is used to find the file name in the following table.
:file_names 3;
    "N/A";
    "<interactive>";
    "register_q.v";
