#! /c/Source/iverilog-install/bin/vvp
:ivl_version "12.0 (devel)" "(s20150603-1539-g2693dd32b)";
:ivl_delay_selection "TYPICAL";
:vpi_time_precision - 12;
:vpi_module "C:\iverilog\lib\ivl\system.vpi";
:vpi_module "C:\iverilog\lib\ivl\vhdl_sys.vpi";
:vpi_module "C:\iverilog\lib\ivl\vhdl_textio.vpi";
:vpi_module "C:\iverilog\lib\ivl\v2005_math.vpi";
:vpi_module "C:\iverilog\lib\ivl\va_math.vpi";
S_000001ca36142940 .scope module, "shift_register_q" "shift_register_q" 2 2;
 .timescale -9 -12;
    .port_info 0 /INPUT 1 "rst";
    .port_info 1 /INPUT 1 "clk";
    .port_info 2 /INPUT 1 "shift_left_enable_q";
    .port_info 3 /INPUT 4 "Q";
    .port_info 4 /INPUT 1 "A";
    .port_info 5 /OUTPUT 4 "shift_out";
o000001ca36176fb8 .functor BUFZ 1, C4<z>; HiZ drive
v000001ca36142eb0_0 .net "A", 0 0, o000001ca36176fb8;  0 drivers
o000001ca36176fe8 .functor BUFZ 4, C4<zzzz>; HiZ drive
v000001ca36142ad0_0 .net "Q", 3 0, o000001ca36176fe8;  0 drivers
o000001ca36177018 .functor BUFZ 1, C4<z>; HiZ drive
v000001ca36142b70_0 .net "clk", 0 0, o000001ca36177018;  0 drivers
o000001ca36177048 .functor BUFZ 1, C4<z>; HiZ drive
v000001ca36142c10_0 .net "rst", 0 0, o000001ca36177048;  0 drivers
o000001ca36177078 .functor BUFZ 1, C4<z>; HiZ drive
v000001ca361bbc20_0 .net "shift_left_enable_q", 0 0, o000001ca36177078;  0 drivers
v000001ca361bbcc0_0 .var "shift_out", 3 0;
E_000001ca362784f0 .event posedge, v000001ca36142c10_0, v000001ca36142b70_0;
    .scope S_000001ca36142940;
T_0 ;
    %wait E_000001ca362784f0;
    %load/vec4 v000001ca36142c10_0;
    %flag_set/vec4 8;
    %jmp/0xz  T_0.0, 8;
    %pushi/vec4 0, 0, 4;
    %assign/vec4 v000001ca361bbcc0_0, 0;
    %jmp T_0.1;
T_0.0 ;
    %load/vec4 v000001ca361bbc20_0;
    %cmpi/e 1, 0, 1;
    %jmp/0xz  T_0.2, 4;
    %load/vec4 v000001ca36142ad0_0;
    %parti/s 3, 0, 2;
    %load/vec4 v000001ca36142eb0_0;
    %inv;
    %concat/vec4; draw_concat_vec4
    %assign/vec4 v000001ca361bbcc0_0, 0;
T_0.2 ;
T_0.1 ;
    %jmp T_0;
    .thread T_0;
# The file index is used to find the file name in the following table.
:file_names 3;
    "N/A";
    "<interactive>";
    "shift_register_q.v";
